#! /foss/tools/iverilog/bin/vvp
:ivl_version "13.0 (devel)" "(s20251012-94-g7786fb67-dirty)";
:ivl_delay_selection "TYPICAL";
:vpi_time_precision + 0;
:vpi_module "/foss/tools/iverilog/lib/ivl/system.vpi";
:vpi_module "/foss/tools/iverilog/lib/ivl/vhdl_sys.vpi";
:vpi_module "/foss/tools/iverilog/lib/ivl/vhdl_textio.vpi";
:vpi_module "/foss/tools/iverilog/lib/ivl/v2005_math.vpi";
:vpi_module "/foss/tools/iverilog/lib/ivl/va_math.vpi";
S_0x58667ad80cd0 .scope module, "half_adder_tb" "half_adder_tb" 2 1;
 .timescale 0 0;
v0x58667ad93310_0 .net "CARRY", 0 0, L_0x58667ad937d0;  1 drivers
v0x58667ad933d0_0 .net "SUM", 0 0, L_0x58667ad93670;  1 drivers
v0x58667ad934a0_0 .var "t_a", 0 0;
v0x58667ad935a0_0 .var "t_b", 0 0;
S_0x58667ad80e60 .scope module, "dut" "half_adder" 2 5, 3 1 0, S_0x58667ad80cd0;
 .timescale 0 0;
    .port_info 0 /INPUT 1 "a";
    .port_info 1 /INPUT 1 "b";
    .port_info 2 /OUTPUT 1 "sum";
    .port_info 3 /OUTPUT 1 "carry";
L_0x58667ad93670 .functor XOR 1, v0x58667ad934a0_0, v0x58667ad935a0_0, C4<0>, C4<0>;
L_0x58667ad937d0 .functor AND 1, v0x58667ad934a0_0, v0x58667ad935a0_0, C4<1>, C4<1>;
v0x58667ad81040_0 .net "a", 0 0, v0x58667ad934a0_0;  1 drivers
v0x58667ad93040_0 .net "b", 0 0, v0x58667ad935a0_0;  1 drivers
v0x58667ad93100_0 .net "carry", 0 0, L_0x58667ad937d0;  alias, 1 drivers
v0x58667ad931a0_0 .net "sum", 0 0, L_0x58667ad93670;  alias, 1 drivers
    .scope S_0x58667ad80cd0;
T_0 ;
    %vpi_call 2 8 "$dumpfile", "half_adder_tb.vcd" {0 0 0};
    %vpi_call 2 9 "$dumpvars", 32'sb00000000000000000000000000000000, S_0x58667ad80cd0 {0 0 0};
    %end;
    .thread T_0;
    .scope S_0x58667ad80cd0;
T_1 ;
    %pushi/vec4 0, 0, 1;
    %store/vec4 v0x58667ad934a0_0, 0, 1;
    %pushi/vec4 0, 0, 1;
    %store/vec4 v0x58667ad935a0_0, 0, 1;
    %delay 10, 0;
    %pushi/vec4 0, 0, 1;
    %store/vec4 v0x58667ad934a0_0, 0, 1;
    %pushi/vec4 1, 0, 1;
    %store/vec4 v0x58667ad935a0_0, 0, 1;
    %delay 10, 0;
    %pushi/vec4 1, 0, 1;
    %store/vec4 v0x58667ad934a0_0, 0, 1;
    %pushi/vec4 0, 0, 1;
    %store/vec4 v0x58667ad935a0_0, 0, 1;
    %delay 10, 0;
    %pushi/vec4 1, 0, 1;
    %store/vec4 v0x58667ad934a0_0, 0, 1;
    %pushi/vec4 1, 0, 1;
    %store/vec4 v0x58667ad935a0_0, 0, 1;
    %delay 10, 0;
    %vpi_call 2 21 "$finish" {0 0 0};
    %end;
    .thread T_1;
# The file index is used to find the file name in the following table.
:file_names 4;
    "N/A";
    "<interactive>";
    "half_adder_tb.v";
    "half_adder.v";
