#! /foss/tools/iverilog/bin/vvp
:ivl_version "13.0 (devel)" "(s20251012-94-g7786fb67-dirty)";
:ivl_delay_selection "TYPICAL";
:vpi_time_precision + 0;
:vpi_module "/foss/tools/iverilog/lib/ivl/system.vpi";
:vpi_module "/foss/tools/iverilog/lib/ivl/vhdl_sys.vpi";
:vpi_module "/foss/tools/iverilog/lib/ivl/vhdl_textio.vpi";
:vpi_module "/foss/tools/iverilog/lib/ivl/v2005_math.vpi";
:vpi_module "/foss/tools/iverilog/lib/ivl/va_math.vpi";
S_0x5fa87c510d10 .scope module, "half_subtractor_tb" "half_subtractor_tb" 2 1;
 .timescale 0 0;
v0x5fa87c523950_0 .net "bo", 0 0, L_0x5fa87c523e80;  1 drivers
v0x5fa87c523a10_0 .net "di", 0 0, L_0x5fa87c523cb0;  1 drivers
v0x5fa87c523ae0_0 .var "t_a", 0 0;
v0x5fa87c523be0_0 .var "t_b", 0 0;
S_0x5fa87c510ea0 .scope module, "uut" "half_subtractor" 2 4, 3 1 0, S_0x5fa87c510d10;
 .timescale 0 0;
    .port_info 0 /INPUT 1 "a";
    .port_info 1 /INPUT 1 "b";
    .port_info 2 /OUTPUT 1 "di";
    .port_info 3 /OUTPUT 1 "bo";
L_0x5fa87c523cb0 .functor XOR 1, v0x5fa87c523ae0_0, v0x5fa87c523be0_0, C4<0>, C4<0>;
L_0x5fa87c523e10 .functor NOT 1, v0x5fa87c523ae0_0, C4<0>, C4<0>, C4<0>;
L_0x5fa87c523e80 .functor AND 1, L_0x5fa87c523e10, v0x5fa87c523be0_0, C4<1>, C4<1>;
v0x5fa87c511080_0 .net *"_ivl_2", 0 0, L_0x5fa87c523e10;  1 drivers
v0x5fa87c5235a0_0 .net "a", 0 0, v0x5fa87c523ae0_0;  1 drivers
v0x5fa87c523660_0 .net "b", 0 0, v0x5fa87c523be0_0;  1 drivers
v0x5fa87c523700_0 .net "bo", 0 0, L_0x5fa87c523e80;  alias, 1 drivers
v0x5fa87c5237c0_0 .net "di", 0 0, L_0x5fa87c523cb0;  alias, 1 drivers
    .scope S_0x5fa87c510d10;
T_0 ;
    %vpi_call 2 7 "$dumpfile", "half_subtractor_tb.vcd" {0 0 0};
    %vpi_call 2 8 "$dumpvars", 32'sb00000000000000000000000000000000, S_0x5fa87c510d10 {0 0 0};
    %end;
    .thread T_0;
    .scope S_0x5fa87c510d10;
T_1 ;
    %pushi/vec4 0, 0, 1;
    %store/vec4 v0x5fa87c523ae0_0, 0, 1;
    %pushi/vec4 0, 0, 1;
    %store/vec4 v0x5fa87c523be0_0, 0, 1;
    %delay 100, 0;
    %pushi/vec4 0, 0, 1;
    %store/vec4 v0x5fa87c523ae0_0, 0, 1;
    %pushi/vec4 1, 0, 1;
    %store/vec4 v0x5fa87c523be0_0, 0, 1;
    %delay 100, 0;
    %pushi/vec4 1, 0, 1;
    %store/vec4 v0x5fa87c523ae0_0, 0, 1;
    %pushi/vec4 0, 0, 1;
    %store/vec4 v0x5fa87c523be0_0, 0, 1;
    %delay 100, 0;
    %pushi/vec4 1, 0, 1;
    %store/vec4 v0x5fa87c523ae0_0, 0, 1;
    %pushi/vec4 1, 0, 1;
    %store/vec4 v0x5fa87c523be0_0, 0, 1;
    %delay 100, 0;
    %vpi_call 2 17 "$finish" {0 0 0};
    %end;
    .thread T_1;
# The file index is used to find the file name in the following table.
:file_names 4;
    "N/A";
    "<interactive>";
    "half_subtractor_tb.v";
    "half_subtractor.v";
