#! /foss/tools/iverilog/bin/vvp
:ivl_version "13.0 (devel)" "(s20251012-94-g7786fb67-dirty)";
:ivl_delay_selection "TYPICAL";
:vpi_time_precision + 0;
:vpi_module "/foss/tools/iverilog/lib/ivl/system.vpi";
:vpi_module "/foss/tools/iverilog/lib/ivl/vhdl_sys.vpi";
:vpi_module "/foss/tools/iverilog/lib/ivl/vhdl_textio.vpi";
:vpi_module "/foss/tools/iverilog/lib/ivl/v2005_math.vpi";
:vpi_module "/foss/tools/iverilog/lib/ivl/va_math.vpi";
S_0x5e7ee54a4f20 .scope module, "traffic_light_controller_tb" "traffic_light_controller_tb" 2 2;
 .timescale 0 0;
v0x5e7ee54bb5a0_0 .net "EW_light", 2 0, v0x5e7ee54654e0_0;  1 drivers
v0x5e7ee54bb680_0 .net "NS_light", 2 0, v0x5e7ee54bafc0_0;  1 drivers
v0x5e7ee54bb750_0 .var "clk", 0 0;
v0x5e7ee54bb850_0 .var "reset", 0 0;
S_0x5e7ee54a50b0 .scope module, "uut" "traffic_light_controller" 2 7, 3 4 0, S_0x5e7ee54a4f20;
 .timescale 0 0;
    .port_info 0 /INPUT 1 "clk";
    .port_info 1 /INPUT 1 "reset";
    .port_info 2 /OUTPUT 3 "NS_light";
    .port_info 3 /OUTPUT 3 "EW_light";
P_0x5e7ee5467210 .param/l "GREEN" 0 3 12, C4<001>;
P_0x5e7ee5467250 .param/l "RED" 0 3 12, C4<100>;
P_0x5e7ee5467290 .param/l "S0" 0 3 15, C4<00>;
P_0x5e7ee54672d0 .param/l "S1" 0 3 15, C4<01>;
P_0x5e7ee5467310 .param/l "S2" 0 3 15, C4<10>;
P_0x5e7ee5467350 .param/l "S3" 0 3 15, C4<11>;
P_0x5e7ee5467390 .param/l "YELLOW" 0 3 12, C4<010>;
v0x5e7ee54654e0_0 .var "EW_light", 2 0;
v0x5e7ee54bafc0_0 .var "NS_light", 2 0;
v0x5e7ee54bb0a0_0 .net "clk", 0 0, v0x5e7ee54bb750_0;  1 drivers
v0x5e7ee54bb170_0 .var "counter", 3 0;
v0x5e7ee54bb250_0 .var "next_state", 1 0;
v0x5e7ee54bb380_0 .net "reset", 0 0, v0x5e7ee54bb850_0;  1 drivers
v0x5e7ee54bb440_0 .var "state", 1 0;
E_0x5e7ee549fd20 .event anyedge, v0x5e7ee54bb440_0;
E_0x5e7ee549fa00 .event posedge, v0x5e7ee54bb380_0, v0x5e7ee54bb0a0_0;
    .scope S_0x5e7ee54a50b0;
T_0 ;
    %wait E_0x5e7ee549fa00;
    %load/vec4 v0x5e7ee54bb380_0;
    %flag_set/vec4 8;
    %jmp/0xz  T_0.0, 8;
    %pushi/vec4 0, 0, 2;
    %assign/vec4 v0x5e7ee54bb440_0, 0;
    %pushi/vec4 0, 0, 4;
    %assign/vec4 v0x5e7ee54bb170_0, 0;
    %jmp T_0.1;
T_0.0 ;
    %load/vec4 v0x5e7ee54bb170_0;
    %cmpi/u 15, 0, 4;
    %flag_inv 5; GE is !LT
    %jmp/0xz  T_0.2, 5;
    %pushi/vec4 0, 0, 4;
    %assign/vec4 v0x5e7ee54bb170_0, 0;
    %load/vec4 v0x5e7ee54bb250_0;
    %assign/vec4 v0x5e7ee54bb440_0, 0;
    %jmp T_0.3;
T_0.2 ;
    %load/vec4 v0x5e7ee54bb170_0;
    %addi 1, 0, 4;
    %assign/vec4 v0x5e7ee54bb170_0, 0;
T_0.3 ;
T_0.1 ;
    %jmp T_0;
    .thread T_0;
    .scope S_0x5e7ee54a50b0;
T_1 ;
    %wait E_0x5e7ee549fd20;
    %load/vec4 v0x5e7ee54bb440_0;
    %dup/vec4;
    %pushi/vec4 0, 0, 2;
    %cmp/u;
    %jmp/1 T_1.0, 6;
    %dup/vec4;
    %pushi/vec4 1, 0, 2;
    %cmp/u;
    %jmp/1 T_1.1, 6;
    %dup/vec4;
    %pushi/vec4 2, 0, 2;
    %cmp/u;
    %jmp/1 T_1.2, 6;
    %dup/vec4;
    %pushi/vec4 3, 0, 2;
    %cmp/u;
    %jmp/1 T_1.3, 6;
    %pushi/vec4 0, 0, 2;
    %store/vec4 v0x5e7ee54bb250_0, 0, 2;
    %pushi/vec4 4, 0, 3;
    %store/vec4 v0x5e7ee54bafc0_0, 0, 3;
    %pushi/vec4 4, 0, 3;
    %store/vec4 v0x5e7ee54654e0_0, 0, 3;
    %jmp T_1.5;
T_1.0 ;
    %pushi/vec4 1, 0, 2;
    %store/vec4 v0x5e7ee54bb250_0, 0, 2;
    %pushi/vec4 1, 0, 3;
    %store/vec4 v0x5e7ee54bafc0_0, 0, 3;
    %pushi/vec4 4, 0, 3;
    %store/vec4 v0x5e7ee54654e0_0, 0, 3;
    %jmp T_1.5;
T_1.1 ;
    %pushi/vec4 2, 0, 2;
    %store/vec4 v0x5e7ee54bb250_0, 0, 2;
    %pushi/vec4 2, 0, 3;
    %store/vec4 v0x5e7ee54bafc0_0, 0, 3;
    %pushi/vec4 4, 0, 3;
    %store/vec4 v0x5e7ee54654e0_0, 0, 3;
    %jmp T_1.5;
T_1.2 ;
    %pushi/vec4 3, 0, 2;
    %store/vec4 v0x5e7ee54bb250_0, 0, 2;
    %pushi/vec4 4, 0, 3;
    %store/vec4 v0x5e7ee54bafc0_0, 0, 3;
    %pushi/vec4 1, 0, 3;
    %store/vec4 v0x5e7ee54654e0_0, 0, 3;
    %jmp T_1.5;
T_1.3 ;
    %pushi/vec4 0, 0, 2;
    %store/vec4 v0x5e7ee54bb250_0, 0, 2;
    %pushi/vec4 4, 0, 3;
    %store/vec4 v0x5e7ee54bafc0_0, 0, 3;
    %pushi/vec4 2, 0, 3;
    %store/vec4 v0x5e7ee54654e0_0, 0, 3;
    %jmp T_1.5;
T_1.5 ;
    %pop/vec4 1;
    %jmp T_1;
    .thread T_1, $push;
    .scope S_0x5e7ee54a4f20;
T_2 ;
    %pushi/vec4 0, 0, 1;
    %store/vec4 v0x5e7ee54bb750_0, 0, 1;
    %pushi/vec4 0, 0, 1;
    %store/vec4 v0x5e7ee54bb850_0, 0, 1;
    %pushi/vec4 1, 0, 1;
    %store/vec4 v0x5e7ee54bb850_0, 0, 1;
    %delay 10, 0;
    %pushi/vec4 0, 0, 1;
    %store/vec4 v0x5e7ee54bb850_0, 0, 1;
    %delay 10, 0;
    %delay 200, 0;
    %vpi_call 2 23 "$finish" {0 0 0};
    %end;
    .thread T_2;
    .scope S_0x5e7ee54a4f20;
T_3 ;
    %delay 5, 0;
    %load/vec4 v0x5e7ee54bb750_0;
    %inv;
    %store/vec4 v0x5e7ee54bb750_0, 0, 1;
    %jmp T_3;
    .thread T_3;
    .scope S_0x5e7ee54a4f20;
T_4 ;
    %vpi_call 2 31 "$dumpfile", "traffic_light_controller_tb.vcd" {0 0 0};
    %vpi_call 2 32 "$dumpvars", 32'sb00000000000000000000000000000000, S_0x5e7ee54a4f20 {0 0 0};
    %vpi_call 2 34 "$monitor", "Time=%0t | NS_light=%b, EW_light=%b", $time, v0x5e7ee54bb680_0, v0x5e7ee54bb5a0_0 {0 0 0};
    %end;
    .thread T_4;
# The file index is used to find the file name in the following table.
:file_names 4;
    "N/A";
    "<interactive>";
    "traffic_light_controller_tb.v";
    "traffic_light_controller.v";
