#! /foss/tools/iverilog/bin/vvp
:ivl_version "13.0 (devel)" "(s20251012-94-g7786fb67-dirty)";
:ivl_delay_selection "TYPICAL";
:vpi_time_precision + 0;
:vpi_module "/foss/tools/iverilog/lib/ivl/system.vpi";
:vpi_module "/foss/tools/iverilog/lib/ivl/vhdl_sys.vpi";
:vpi_module "/foss/tools/iverilog/lib/ivl/vhdl_textio.vpi";
:vpi_module "/foss/tools/iverilog/lib/ivl/v2005_math.vpi";
:vpi_module "/foss/tools/iverilog/lib/ivl/va_math.vpi";
S_0x632ccfa6b680 .scope module, "barrel_shifter_tb" "barrel_shifter_tb" 2 1;
 .timescale 0 0;
v0x632ccfa80410_0 .var "data_in", 7 0;
v0x632ccfa804f0_0 .net "data_out", 7 0, v0x632ccfa800d0_0;  1 drivers
v0x632ccfa805c0_0 .var "dir", 0 0;
v0x632ccfa806c0_0 .var "shift", 2 0;
S_0x632ccfa6b810 .scope module, "uut" "barrel_shifter" 2 8, 3 1 0, S_0x632ccfa6b680;
 .timescale 0 0;
    .port_info 0 /INPUT 8 "data_in";
    .port_info 1 /INPUT 3 "shift";
    .port_info 2 /INPUT 1 "dir";
    .port_info 3 /OUTPUT 8 "data_out";
v0x632ccfa6ba10_0 .net "data_in", 7 0, v0x632ccfa80410_0;  1 drivers
v0x632ccfa800d0_0 .var "data_out", 7 0;
v0x632ccfa801b0_0 .net "dir", 0 0, v0x632ccfa805c0_0;  1 drivers
v0x632ccfa80280_0 .net "shift", 2 0, v0x632ccfa806c0_0;  1 drivers
E_0x632ccfa31b70 .event anyedge, v0x632ccfa801b0_0, v0x632ccfa6ba10_0, v0x632ccfa80280_0;
    .scope S_0x632ccfa6b810;
T_0 ;
    %wait E_0x632ccfa31b70;
    %load/vec4 v0x632ccfa801b0_0;
    %flag_set/vec4 8;
    %jmp/0xz  T_0.0, 8;
    %load/vec4 v0x632ccfa6ba10_0;
    %ix/getv 4, v0x632ccfa80280_0;
    %shiftr 4;
    %store/vec4 v0x632ccfa800d0_0, 0, 8;
    %jmp T_0.1;
T_0.0 ;
    %load/vec4 v0x632ccfa6ba10_0;
    %ix/getv 4, v0x632ccfa80280_0;
    %shiftl 4;
    %store/vec4 v0x632ccfa800d0_0, 0, 8;
T_0.1 ;
    %jmp T_0;
    .thread T_0, $push;
    .scope S_0x632ccfa6b680;
T_1 ;
    %vpi_call 2 16 "$dumpfile", "barrel_shifter_tb.vcd" {0 0 0};
    %vpi_call 2 17 "$dumpvars", 32'sb00000000000000000000000000000000, S_0x632ccfa6b680 {0 0 0};
    %vpi_call 2 20 "$monitor", "Time=%0t | data_in=%b shift=%d dir=%b => data_out=%b", $time, v0x632ccfa80410_0, v0x632ccfa806c0_0, v0x632ccfa805c0_0, v0x632ccfa804f0_0 {0 0 0};
    %pushi/vec4 204, 0, 8;
    %store/vec4 v0x632ccfa80410_0, 0, 8;
    %pushi/vec4 1, 0, 3;
    %store/vec4 v0x632ccfa806c0_0, 0, 3;
    %pushi/vec4 0, 0, 1;
    %store/vec4 v0x632ccfa805c0_0, 0, 1;
    %delay 10, 0;
    %pushi/vec4 204, 0, 8;
    %store/vec4 v0x632ccfa80410_0, 0, 8;
    %pushi/vec4 2, 0, 3;
    %store/vec4 v0x632ccfa806c0_0, 0, 3;
    %pushi/vec4 1, 0, 1;
    %store/vec4 v0x632ccfa805c0_0, 0, 1;
    %delay 10, 0;
    %pushi/vec4 170, 0, 8;
    %store/vec4 v0x632ccfa80410_0, 0, 8;
    %pushi/vec4 3, 0, 3;
    %store/vec4 v0x632ccfa806c0_0, 0, 3;
    %pushi/vec4 0, 0, 1;
    %store/vec4 v0x632ccfa805c0_0, 0, 1;
    %delay 10, 0;
    %pushi/vec4 170, 0, 8;
    %store/vec4 v0x632ccfa80410_0, 0, 8;
    %pushi/vec4 1, 0, 3;
    %store/vec4 v0x632ccfa806c0_0, 0, 3;
    %pushi/vec4 1, 0, 1;
    %store/vec4 v0x632ccfa805c0_0, 0, 1;
    %delay 10, 0;
    %vpi_call 2 34 "$finish" {0 0 0};
    %end;
    .thread T_1;
# The file index is used to find the file name in the following table.
:file_names 4;
    "N/A";
    "<interactive>";
    "barrel_shifter_tb.v";
    "barrel_shifter.v";
