#! /foss/tools/iverilog/bin/vvp
:ivl_version "13.0 (devel)" "(s20251012-94-g7786fb67-dirty)";
:ivl_delay_selection "TYPICAL";
:vpi_time_precision + 0;
:vpi_module "/foss/tools/iverilog/lib/ivl/system.vpi";
:vpi_module "/foss/tools/iverilog/lib/ivl/vhdl_sys.vpi";
:vpi_module "/foss/tools/iverilog/lib/ivl/vhdl_textio.vpi";
:vpi_module "/foss/tools/iverilog/lib/ivl/v2005_math.vpi";
:vpi_module "/foss/tools/iverilog/lib/ivl/va_math.vpi";
S_0x58a32c9bf690 .scope module, "comparator_8bit_tb" "comparator_8bit_tb" 2 1;
 .timescale 0 0;
v0x58a32c9d44e0_0 .var "A", 7 0;
v0x58a32c9d45c0_0 .net "A_eq_B", 0 0, L_0x58a32c9d4bd0;  1 drivers
v0x58a32c9d4690_0 .net "A_gt_B", 0 0, L_0x58a32c9d4950;  1 drivers
v0x58a32c9d4790_0 .net "A_lt_B", 0 0, L_0x58a32c9d4ae0;  1 drivers
v0x58a32c9d4860_0 .var "B", 7 0;
S_0x58a32c9bf820 .scope module, "uut" "comparator_8bit" 2 9, 3 1 0, S_0x58a32c9bf690;
 .timescale 0 0;
    .port_info 0 /INPUT 8 "A";
    .port_info 1 /INPUT 8 "B";
    .port_info 2 /OUTPUT 1 "A_gt_B";
    .port_info 3 /OUTPUT 1 "A_lt_B";
    .port_info 4 /OUTPUT 1 "A_eq_B";
v0x58a32c9bfab0_0 .net "A", 7 0, v0x58a32c9d44e0_0;  1 drivers
v0x58a32c9d40f0_0 .net "A_eq_B", 0 0, L_0x58a32c9d4bd0;  alias, 1 drivers
v0x58a32c9d41b0_0 .net "A_gt_B", 0 0, L_0x58a32c9d4950;  alias, 1 drivers
v0x58a32c9d4250_0 .net "A_lt_B", 0 0, L_0x58a32c9d4ae0;  alias, 1 drivers
v0x58a32c9d4310_0 .net "B", 7 0, v0x58a32c9d4860_0;  1 drivers
L_0x58a32c9d4950 .cmp/gt 8, v0x58a32c9d44e0_0, v0x58a32c9d4860_0;
L_0x58a32c9d4ae0 .cmp/gt 8, v0x58a32c9d4860_0, v0x58a32c9d44e0_0;
L_0x58a32c9d4bd0 .cmp/eq 8, v0x58a32c9d44e0_0, v0x58a32c9d4860_0;
    .scope S_0x58a32c9bf690;
T_0 ;
    %vpi_call 2 18 "$dumpfile", "comparator_8bit_tb.vcd" {0 0 0};
    %vpi_call 2 19 "$dumpvars", 32'sb00000000000000000000000000000000, S_0x58a32c9bf690 {0 0 0};
    %vpi_call 2 22 "$monitor", "Time=%0t | A=%b B=%b => A_gt_B=%b A_lt_B=%b A_eq_B=%b", $time, v0x58a32c9d44e0_0, v0x58a32c9d4860_0, v0x58a32c9d4690_0, v0x58a32c9d4790_0, v0x58a32c9d45c0_0 {0 0 0};
    %pushi/vec4 0, 0, 8;
    %store/vec4 v0x58a32c9d44e0_0, 0, 8;
    %pushi/vec4 0, 0, 8;
    %store/vec4 v0x58a32c9d4860_0, 0, 8;
    %delay 10, 0;
    %pushi/vec4 153, 0, 8;
    %store/vec4 v0x58a32c9d44e0_0, 0, 8;
    %pushi/vec4 102, 0, 8;
    %store/vec4 v0x58a32c9d4860_0, 0, 8;
    %delay 10, 0;
    %pushi/vec4 51, 0, 8;
    %store/vec4 v0x58a32c9d44e0_0, 0, 8;
    %pushi/vec4 68, 0, 8;
    %store/vec4 v0x58a32c9d4860_0, 0, 8;
    %delay 10, 0;
    %pushi/vec4 255, 0, 8;
    %store/vec4 v0x58a32c9d44e0_0, 0, 8;
    %pushi/vec4 255, 0, 8;
    %store/vec4 v0x58a32c9d4860_0, 0, 8;
    %delay 10, 0;
    %vpi_call 2 36 "$finish" {0 0 0};
    %end;
    .thread T_0;
# The file index is used to find the file name in the following table.
:file_names 4;
    "N/A";
    "<interactive>";
    "comparator_8bit_tb.v";
    "comparator_8bit.v";
