#! /foss/tools/iverilog/bin/vvp
:ivl_version "13.0 (devel)" "(s20251012-94-g7786fb67-dirty)";
:ivl_delay_selection "TYPICAL";
:vpi_time_precision + 0;
:vpi_module "/foss/tools/iverilog/lib/ivl/system.vpi";
:vpi_module "/foss/tools/iverilog/lib/ivl/vhdl_sys.vpi";
:vpi_module "/foss/tools/iverilog/lib/ivl/vhdl_textio.vpi";
:vpi_module "/foss/tools/iverilog/lib/ivl/v2005_math.vpi";
:vpi_module "/foss/tools/iverilog/lib/ivl/va_math.vpi";
S_0x55a1a7e97a80 .scope module, "multiplexer_tb" "multiplexer_tb" 2 2;
 .timescale 0 0;
v0x55a1a7ead7f0_0 .var "a", 7 0;
v0x55a1a7ead8e0_0 .net "muxout", 0 0, v0x55a1a7ead5f0_0;  1 drivers
v0x55a1a7ead9b0_0 .var "sel", 2 0;
S_0x55a1a7e97c10 .scope module, "uut" "multiplexer" 2 6, 3 3 0, S_0x55a1a7e97a80;
 .timescale 0 0;
    .port_info 0 /INPUT 3 "sel";
    .port_info 1 /INPUT 8 "a";
    .port_info 2 /OUTPUT 1 "muxout";
v0x55a1a7e97e30_0 .net "a", 7 0, v0x55a1a7ead7f0_0;  1 drivers
v0x55a1a7ead5f0_0 .var "muxout", 0 0;
v0x55a1a7ead6b0_0 .net "sel", 2 0, v0x55a1a7ead9b0_0;  1 drivers
E_0x55a1a7e5cd60 .event anyedge, v0x55a1a7e97e30_0, v0x55a1a7ead6b0_0;
    .scope S_0x55a1a7e97c10;
T_0 ;
    %wait E_0x55a1a7e5cd60;
    %load/vec4 v0x55a1a7ead6b0_0;
    %dup/vec4;
    %pushi/vec4 0, 0, 3;
    %cmp/u;
    %jmp/1 T_0.0, 6;
    %dup/vec4;
    %pushi/vec4 1, 0, 3;
    %cmp/u;
    %jmp/1 T_0.1, 6;
    %dup/vec4;
    %pushi/vec4 2, 0, 3;
    %cmp/u;
    %jmp/1 T_0.2, 6;
    %dup/vec4;
    %pushi/vec4 3, 0, 3;
    %cmp/u;
    %jmp/1 T_0.3, 6;
    %dup/vec4;
    %pushi/vec4 4, 0, 3;
    %cmp/u;
    %jmp/1 T_0.4, 6;
    %dup/vec4;
    %pushi/vec4 5, 0, 3;
    %cmp/u;
    %jmp/1 T_0.5, 6;
    %dup/vec4;
    %pushi/vec4 6, 0, 3;
    %cmp/u;
    %jmp/1 T_0.6, 6;
    %dup/vec4;
    %pushi/vec4 7, 0, 3;
    %cmp/u;
    %jmp/1 T_0.7, 6;
    %pushi/vec4 0, 0, 1;
    %store/vec4 v0x55a1a7ead5f0_0, 0, 1;
    %jmp T_0.9;
T_0.0 ;
    %load/vec4 v0x55a1a7e97e30_0;
    %parti/s 1, 0, 2;
    %store/vec4 v0x55a1a7ead5f0_0, 0, 1;
    %jmp T_0.9;
T_0.1 ;
    %load/vec4 v0x55a1a7e97e30_0;
    %parti/s 1, 1, 2;
    %store/vec4 v0x55a1a7ead5f0_0, 0, 1;
    %jmp T_0.9;
T_0.2 ;
    %load/vec4 v0x55a1a7e97e30_0;
    %parti/s 1, 2, 3;
    %store/vec4 v0x55a1a7ead5f0_0, 0, 1;
    %jmp T_0.9;
T_0.3 ;
    %load/vec4 v0x55a1a7e97e30_0;
    %parti/s 1, 3, 3;
    %store/vec4 v0x55a1a7ead5f0_0, 0, 1;
    %jmp T_0.9;
T_0.4 ;
    %load/vec4 v0x55a1a7e97e30_0;
    %parti/s 1, 4, 4;
    %store/vec4 v0x55a1a7ead5f0_0, 0, 1;
    %jmp T_0.9;
T_0.5 ;
    %load/vec4 v0x55a1a7e97e30_0;
    %parti/s 1, 5, 4;
    %store/vec4 v0x55a1a7ead5f0_0, 0, 1;
    %jmp T_0.9;
T_0.6 ;
    %load/vec4 v0x55a1a7e97e30_0;
    %parti/s 1, 6, 4;
    %store/vec4 v0x55a1a7ead5f0_0, 0, 1;
    %jmp T_0.9;
T_0.7 ;
    %load/vec4 v0x55a1a7e97e30_0;
    %parti/s 1, 7, 4;
    %store/vec4 v0x55a1a7ead5f0_0, 0, 1;
    %jmp T_0.9;
T_0.9 ;
    %pop/vec4 1;
    %jmp T_0;
    .thread T_0, $push;
    .scope S_0x55a1a7e97a80;
T_1 ;
    %vpi_call 2 9 "$dumpfile", "multiplexer_tb.vcd" {0 0 0};
    %vpi_call 2 10 "$dumpvars", 32'sb00000000000000000000000000000000, S_0x55a1a7e97a80 {0 0 0};
    %end;
    .thread T_1;
    .scope S_0x55a1a7e97a80;
T_2 ;
    %pushi/vec4 0, 0, 3;
    %store/vec4 v0x55a1a7ead9b0_0, 0, 3;
    %pushi/vec4 0, 0, 8;
    %store/vec4 v0x55a1a7ead7f0_0, 0, 8;
    %delay 10, 0;
    %pushi/vec4 1, 0, 8;
    %store/vec4 v0x55a1a7ead7f0_0, 0, 8;
    %pushi/vec4 0, 0, 3;
    %store/vec4 v0x55a1a7ead9b0_0, 0, 3;
    %delay 10, 0;
    %pushi/vec4 2, 0, 8;
    %store/vec4 v0x55a1a7ead7f0_0, 0, 8;
    %pushi/vec4 1, 0, 3;
    %store/vec4 v0x55a1a7ead9b0_0, 0, 3;
    %delay 10, 0;
    %pushi/vec4 4, 0, 8;
    %store/vec4 v0x55a1a7ead7f0_0, 0, 8;
    %pushi/vec4 2, 0, 3;
    %store/vec4 v0x55a1a7ead9b0_0, 0, 3;
    %delay 10, 0;
    %pushi/vec4 8, 0, 8;
    %store/vec4 v0x55a1a7ead7f0_0, 0, 8;
    %pushi/vec4 3, 0, 3;
    %store/vec4 v0x55a1a7ead9b0_0, 0, 3;
    %delay 10, 0;
    %pushi/vec4 16, 0, 8;
    %store/vec4 v0x55a1a7ead7f0_0, 0, 8;
    %pushi/vec4 4, 0, 3;
    %store/vec4 v0x55a1a7ead9b0_0, 0, 3;
    %delay 10, 0;
    %pushi/vec4 32, 0, 8;
    %store/vec4 v0x55a1a7ead7f0_0, 0, 8;
    %pushi/vec4 5, 0, 3;
    %store/vec4 v0x55a1a7ead9b0_0, 0, 3;
    %delay 10, 0;
    %pushi/vec4 64, 0, 8;
    %store/vec4 v0x55a1a7ead7f0_0, 0, 8;
    %pushi/vec4 6, 0, 3;
    %store/vec4 v0x55a1a7ead9b0_0, 0, 3;
    %delay 10, 0;
    %pushi/vec4 128, 0, 8;
    %store/vec4 v0x55a1a7ead7f0_0, 0, 8;
    %pushi/vec4 7, 0, 3;
    %store/vec4 v0x55a1a7ead9b0_0, 0, 3;
    %delay 10, 0;
    %vpi_call 2 24 "$finish" {0 0 0};
    %end;
    .thread T_2;
# The file index is used to find the file name in the following table.
:file_names 4;
    "N/A";
    "<interactive>";
    "multiplexer_tb.v";
    "multiplexer.v";
