#! /foss/tools/iverilog/bin/vvp
:ivl_version "13.0 (devel)" "(s20251012-94-g7786fb67-dirty)";
:ivl_delay_selection "TYPICAL";
:vpi_time_precision + 0;
:vpi_module "/foss/tools/iverilog/lib/ivl/system.vpi";
:vpi_module "/foss/tools/iverilog/lib/ivl/vhdl_sys.vpi";
:vpi_module "/foss/tools/iverilog/lib/ivl/vhdl_textio.vpi";
:vpi_module "/foss/tools/iverilog/lib/ivl/v2005_math.vpi";
:vpi_module "/foss/tools/iverilog/lib/ivl/va_math.vpi";
S_0x613f2b1f7430 .scope module, "alu_4bit_tb" "alu_4bit_tb" 2 2;
 .timescale 0 0;
v0x613f2b2120f0_0 .var/s "A", 3 0;
v0x613f2b2121d0_0 .var/s "B", 3 0;
v0x613f2b2122a0_0 .var "Enable", 0 0;
v0x613f2b2123a0_0 .net "Result", 7 0, v0x613f2b211e40_0;  1 drivers
v0x613f2b212470_0 .var "opcode", 2 0;
S_0x613f2b1f75c0 .scope module, "uut" "alu_4bit" 2 8, 3 3 0, S_0x613f2b1f7430;
 .timescale 0 0;
    .port_info 0 /INPUT 4 "A";
    .port_info 1 /INPUT 4 "B";
    .port_info 2 /INPUT 3 "opcode";
    .port_info 3 /INPUT 1 "Enable";
    .port_info 4 /OUTPUT 8 "Result";
v0x613f2b1b94e0_0 .net/s "A", 3 0, v0x613f2b2120f0_0;  1 drivers
v0x613f2b211c90_0 .net/s "B", 3 0, v0x613f2b2121d0_0;  1 drivers
v0x613f2b211d70_0 .net "Enable", 0 0, v0x613f2b2122a0_0;  1 drivers
v0x613f2b211e40_0 .var "Result", 7 0;
v0x613f2b211f20_0 .net "opcode", 2 0, v0x613f2b212470_0;  1 drivers
E_0x613f2b1f29b0 .event anyedge, v0x613f2b211d70_0, v0x613f2b211c90_0, v0x613f2b1b94e0_0, v0x613f2b211f20_0;
    .scope S_0x613f2b1f75c0;
T_0 ;
    %wait E_0x613f2b1f29b0;
    %load/vec4 v0x613f2b211d70_0;
    %pad/u 32;
    %cmpi/e 0, 0, 32;
    %jmp/0xz  T_0.0, 4;
    %pushi/vec4 255, 255, 8;
    %store/vec4 v0x613f2b211e40_0, 0, 8;
    %jmp T_0.1;
T_0.0 ;
    %load/vec4 v0x613f2b211f20_0;
    %dup/vec4;
    %pushi/vec4 0, 0, 3;
    %cmp/u;
    %jmp/1 T_0.2, 6;
    %dup/vec4;
    %pushi/vec4 1, 0, 3;
    %cmp/u;
    %jmp/1 T_0.3, 6;
    %dup/vec4;
    %pushi/vec4 2, 0, 3;
    %cmp/u;
    %jmp/1 T_0.4, 6;
    %dup/vec4;
    %pushi/vec4 3, 0, 3;
    %cmp/u;
    %jmp/1 T_0.5, 6;
    %dup/vec4;
    %pushi/vec4 4, 0, 3;
    %cmp/u;
    %jmp/1 T_0.6, 6;
    %dup/vec4;
    %pushi/vec4 5, 0, 3;
    %cmp/u;
    %jmp/1 T_0.7, 6;
    %dup/vec4;
    %pushi/vec4 6, 0, 3;
    %cmp/u;
    %jmp/1 T_0.8, 6;
    %dup/vec4;
    %pushi/vec4 7, 0, 3;
    %cmp/u;
    %jmp/1 T_0.9, 6;
    %jmp T_0.10;
T_0.2 ;
    %load/vec4 v0x613f2b1b94e0_0;
    %pad/s 8;
    %load/vec4 v0x613f2b211c90_0;
    %pad/s 8;
    %add;
    %store/vec4 v0x613f2b211e40_0, 0, 8;
    %jmp T_0.10;
T_0.3 ;
    %load/vec4 v0x613f2b1b94e0_0;
    %pad/s 8;
    %load/vec4 v0x613f2b211c90_0;
    %pad/s 8;
    %sub;
    %store/vec4 v0x613f2b211e40_0, 0, 8;
    %jmp T_0.10;
T_0.4 ;
    %load/vec4 v0x613f2b1b94e0_0;
    %pad/s 8;
    %addi 1, 0, 8;
    %store/vec4 v0x613f2b211e40_0, 0, 8;
    %jmp T_0.10;
T_0.5 ;
    %load/vec4 v0x613f2b1b94e0_0;
    %pad/s 8;
    %subi 1, 0, 8;
    %store/vec4 v0x613f2b211e40_0, 0, 8;
    %jmp T_0.10;
T_0.6 ;
    %load/vec4 v0x613f2b1b94e0_0;
    %nor/r;
    %pad/u 8;
    %store/vec4 v0x613f2b211e40_0, 0, 8;
    %jmp T_0.10;
T_0.7 ;
    %load/vec4 v0x613f2b1b94e0_0;
    %pad/s 8;
    %inv;
    %store/vec4 v0x613f2b211e40_0, 0, 8;
    %jmp T_0.10;
T_0.8 ;
    %load/vec4 v0x613f2b1b94e0_0;
    %pad/s 8;
    %load/vec4 v0x613f2b211c90_0;
    %pad/s 8;
    %or;
    %store/vec4 v0x613f2b211e40_0, 0, 8;
    %jmp T_0.10;
T_0.9 ;
    %load/vec4 v0x613f2b1b94e0_0;
    %pad/s 8;
    %load/vec4 v0x613f2b211c90_0;
    %pad/s 8;
    %and;
    %store/vec4 v0x613f2b211e40_0, 0, 8;
    %jmp T_0.10;
T_0.10 ;
    %pop/vec4 1;
T_0.1 ;
    %jmp T_0;
    .thread T_0, $push;
    .scope S_0x613f2b1f7430;
T_1 ;
    %vpi_call 2 10 "$dumpfile", "alu_4bit_tb.vcd" {0 0 0};
    %vpi_call 2 11 "$dumpvars", 32'sb00000000000000000000000000000000, S_0x613f2b1f7430 {0 0 0};
    %end;
    .thread T_1;
    .scope S_0x613f2b1f7430;
T_2 ;
    %pushi/vec4 0, 0, 4;
    %store/vec4 v0x613f2b2120f0_0, 0, 4;
    %pushi/vec4 0, 0, 4;
    %store/vec4 v0x613f2b2121d0_0, 0, 4;
    %pushi/vec4 0, 0, 3;
    %store/vec4 v0x613f2b212470_0, 0, 3;
    %pushi/vec4 0, 0, 1;
    %store/vec4 v0x613f2b2122a0_0, 0, 1;
    %delay 10, 0;
    %pushi/vec4 0, 0, 4;
    %store/vec4 v0x613f2b2120f0_0, 0, 4;
    %pushi/vec4 0, 0, 4;
    %store/vec4 v0x613f2b2121d0_0, 0, 4;
    %pushi/vec4 0, 0, 1;
    %store/vec4 v0x613f2b2122a0_0, 0, 1;
    %delay 10, 0;
    %pushi/vec4 1, 0, 1;
    %store/vec4 v0x613f2b2122a0_0, 0, 1;
    %pushi/vec4 8, 0, 4;
    %store/vec4 v0x613f2b2120f0_0, 0, 4;
    %pushi/vec4 15, 0, 4;
    %store/vec4 v0x613f2b2121d0_0, 0, 4;
    %pushi/vec4 0, 0, 3;
    %store/vec4 v0x613f2b212470_0, 0, 3;
    %delay 10, 0;
    %pushi/vec4 1, 0, 1;
    %store/vec4 v0x613f2b2122a0_0, 0, 1;
    %pushi/vec4 8, 0, 4;
    %store/vec4 v0x613f2b2120f0_0, 0, 4;
    %pushi/vec4 15, 0, 4;
    %store/vec4 v0x613f2b2121d0_0, 0, 4;
    %pushi/vec4 1, 0, 3;
    %store/vec4 v0x613f2b212470_0, 0, 3;
    %delay 10, 0;
    %pushi/vec4 1, 0, 1;
    %store/vec4 v0x613f2b2122a0_0, 0, 1;
    %pushi/vec4 8, 0, 4;
    %store/vec4 v0x613f2b2120f0_0, 0, 4;
    %pushi/vec4 15, 0, 4;
    %store/vec4 v0x613f2b2121d0_0, 0, 4;
    %pushi/vec4 2, 0, 3;
    %store/vec4 v0x613f2b212470_0, 0, 3;
    %delay 10, 0;
    %pushi/vec4 1, 0, 1;
    %store/vec4 v0x613f2b2122a0_0, 0, 1;
    %pushi/vec4 8, 0, 4;
    %store/vec4 v0x613f2b2120f0_0, 0, 4;
    %pushi/vec4 15, 0, 4;
    %store/vec4 v0x613f2b2121d0_0, 0, 4;
    %pushi/vec4 3, 0, 3;
    %store/vec4 v0x613f2b212470_0, 0, 3;
    %delay 10, 0;
    %pushi/vec4 1, 0, 1;
    %store/vec4 v0x613f2b2122a0_0, 0, 1;
    %pushi/vec4 8, 0, 4;
    %store/vec4 v0x613f2b2120f0_0, 0, 4;
    %pushi/vec4 15, 0, 4;
    %store/vec4 v0x613f2b2121d0_0, 0, 4;
    %pushi/vec4 4, 0, 3;
    %store/vec4 v0x613f2b212470_0, 0, 3;
    %delay 10, 0;
    %pushi/vec4 1, 0, 1;
    %store/vec4 v0x613f2b2122a0_0, 0, 1;
    %pushi/vec4 8, 0, 4;
    %store/vec4 v0x613f2b2120f0_0, 0, 4;
    %pushi/vec4 15, 0, 4;
    %store/vec4 v0x613f2b2121d0_0, 0, 4;
    %pushi/vec4 5, 0, 3;
    %store/vec4 v0x613f2b212470_0, 0, 3;
    %delay 10, 0;
    %pushi/vec4 1, 0, 1;
    %store/vec4 v0x613f2b2122a0_0, 0, 1;
    %pushi/vec4 8, 0, 4;
    %store/vec4 v0x613f2b2120f0_0, 0, 4;
    %pushi/vec4 15, 0, 4;
    %store/vec4 v0x613f2b2121d0_0, 0, 4;
    %pushi/vec4 6, 0, 3;
    %store/vec4 v0x613f2b212470_0, 0, 3;
    %delay 10, 0;
    %pushi/vec4 1, 0, 1;
    %store/vec4 v0x613f2b2122a0_0, 0, 1;
    %pushi/vec4 8, 0, 4;
    %store/vec4 v0x613f2b2120f0_0, 0, 4;
    %pushi/vec4 15, 0, 4;
    %store/vec4 v0x613f2b2121d0_0, 0, 4;
    %pushi/vec4 7, 0, 3;
    %store/vec4 v0x613f2b212470_0, 0, 3;
    %delay 10, 0;
    %vpi_call 2 26 "$finish" {0 0 0};
    %end;
    .thread T_2;
# The file index is used to find the file name in the following table.
:file_names 4;
    "N/A";
    "<interactive>";
    "alu_4bit_tb.v";
    "alu_4bit.v";
