#! /foss/tools/iverilog/bin/vvp
:ivl_version "13.0 (devel)" "(s20251012-94-g7786fb67-dirty)";
:ivl_delay_selection "TYPICAL";
:vpi_time_precision - 12;
:vpi_module "/foss/tools/iverilog/lib/ivl/system.vpi";
:vpi_module "/foss/tools/iverilog/lib/ivl/vhdl_sys.vpi";
:vpi_module "/foss/tools/iverilog/lib/ivl/vhdl_textio.vpi";
:vpi_module "/foss/tools/iverilog/lib/ivl/v2005_math.vpi";
:vpi_module "/foss/tools/iverilog/lib/ivl/va_math.vpi";
S_0x637bba8ce9e0 .scope module, "simp_comm_sys_tb" "simp_comm_sys_tb" 2 23;
 .timescale -9 -12;
v0x637bba8e94a0_0 .var "message", 3 0;
v0x637bba8e9560_0 .net "received_message", 3 0, v0x637bba8e7d50_0;  1 drivers
v0x637bba8e9670_0 .var "sel", 1 0;
S_0x637bba8ceb70 .scope module, "uut" "simp_comm_sys" 2 29, 3 1 0, S_0x637bba8ce9e0;
 .timescale 0 0;
    .port_info 0 /INPUT 4 "message";
    .port_info 1 /INPUT 2 "sel";
    .port_info 2 /OUTPUT 4 "received_message";
v0x637bba8e8e60_0 .net "demux_out", 3 0, v0x637bba8e8200_0;  1 drivers
v0x637bba8e8f50_0 .net "encoded_signal", 1 0, v0x637bba8e87a0_0;  1 drivers
v0x637bba8e9040_0 .net "message", 3 0, v0x637bba8e94a0_0;  1 drivers
v0x637bba8e9130_0 .net "mux_out", 0 0, v0x637bba8e8c70_0;  1 drivers
v0x637bba8e9220_0 .net "received_message", 3 0, v0x637bba8e7d50_0;  alias, 1 drivers
v0x637bba8e9330_0 .net "sel", 1 0, v0x637bba8e9670_0;  1 drivers
S_0x637bba8ca570 .scope module, "decoder" "deco_2to4" 3 27, 4 22 0, S_0x637bba8ceb70;
 .timescale -9 -12;
    .port_info 0 /INPUT 2 "in";
    .port_info 1 /OUTPUT 4 "out";
v0x637bba8ca7a0_0 .net "in", 1 0, v0x637bba8e87a0_0;  alias, 1 drivers
v0x637bba8e7d50_0 .var "out", 3 0;
E_0x637bba8d1930 .event anyedge, v0x637bba8ca7a0_0;
S_0x637bba8e7e90 .scope module, "demux" "demux_1to4" 3 21, 5 23 0, S_0x637bba8ceb70;
 .timescale -9 -12;
    .port_info 0 /INPUT 1 "in";
    .port_info 1 /INPUT 2 "sel";
    .port_info 2 /OUTPUT 4 "out";
v0x637bba8e8120_0 .net "in", 0 0, v0x637bba8e8c70_0;  alias, 1 drivers
v0x637bba8e8200_0 .var "out", 3 0;
v0x637bba8e82e0_0 .net "sel", 1 0, v0x637bba8e9670_0;  alias, 1 drivers
E_0x637bba8d1de0 .event anyedge, v0x637bba8e82e0_0, v0x637bba8e8120_0;
S_0x637bba8e8420 .scope module, "encoder" "enco_4to2" 3 10, 6 23 0, S_0x637bba8ceb70;
 .timescale -9 -12;
    .port_info 0 /INPUT 4 "in";
    .port_info 1 /OUTPUT 2 "out";
v0x637bba8e86a0_0 .net "in", 3 0, v0x637bba8e94a0_0;  alias, 1 drivers
v0x637bba8e87a0_0 .var "out", 1 0;
E_0x637bba8d1970 .event anyedge, v0x637bba8e86a0_0;
S_0x637bba8e88d0 .scope module, "mux" "mux_4to1" 3 15, 7 23 0, S_0x637bba8ceb70;
 .timescale -9 -12;
    .port_info 0 /INPUT 4 "data";
    .port_info 1 /INPUT 2 "sel";
    .port_info 2 /OUTPUT 1 "out";
v0x637bba8e8b60_0 .net "data", 3 0, v0x637bba8e94a0_0;  alias, 1 drivers
v0x637bba8e8c70_0 .var "out", 0 0;
v0x637bba8e8d40_0 .net "sel", 1 0, v0x637bba8e9670_0;  alias, 1 drivers
E_0x637bba8d1e20 .event anyedge, v0x637bba8e82e0_0, v0x637bba8e86a0_0;
    .scope S_0x637bba8e8420;
T_0 ;
    %wait E_0x637bba8d1970;
    %load/vec4 v0x637bba8e86a0_0;
    %dup/vec4;
    %pushi/vec4 1, 0, 4;
    %cmp/u;
    %jmp/1 T_0.0, 6;
    %dup/vec4;
    %pushi/vec4 2, 0, 4;
    %cmp/u;
    %jmp/1 T_0.1, 6;
    %dup/vec4;
    %pushi/vec4 4, 0, 4;
    %cmp/u;
    %jmp/1 T_0.2, 6;
    %dup/vec4;
    %pushi/vec4 8, 0, 4;
    %cmp/u;
    %jmp/1 T_0.3, 6;
    %pushi/vec4 0, 0, 2;
    %store/vec4 v0x637bba8e87a0_0, 0, 2;
    %jmp T_0.5;
T_0.0 ;
    %pushi/vec4 0, 0, 2;
    %store/vec4 v0x637bba8e87a0_0, 0, 2;
    %jmp T_0.5;
T_0.1 ;
    %pushi/vec4 1, 0, 2;
    %store/vec4 v0x637bba8e87a0_0, 0, 2;
    %jmp T_0.5;
T_0.2 ;
    %pushi/vec4 2, 0, 2;
    %store/vec4 v0x637bba8e87a0_0, 0, 2;
    %jmp T_0.5;
T_0.3 ;
    %pushi/vec4 3, 0, 2;
    %store/vec4 v0x637bba8e87a0_0, 0, 2;
    %jmp T_0.5;
T_0.5 ;
    %pop/vec4 1;
    %jmp T_0;
    .thread T_0, $push;
    .scope S_0x637bba8e88d0;
T_1 ;
    %wait E_0x637bba8d1e20;
    %load/vec4 v0x637bba8e8d40_0;
    %dup/vec4;
    %pushi/vec4 0, 0, 2;
    %cmp/u;
    %jmp/1 T_1.0, 6;
    %dup/vec4;
    %pushi/vec4 1, 0, 2;
    %cmp/u;
    %jmp/1 T_1.1, 6;
    %dup/vec4;
    %pushi/vec4 2, 0, 2;
    %cmp/u;
    %jmp/1 T_1.2, 6;
    %dup/vec4;
    %pushi/vec4 3, 0, 2;
    %cmp/u;
    %jmp/1 T_1.3, 6;
    %pushi/vec4 0, 0, 1;
    %store/vec4 v0x637bba8e8c70_0, 0, 1;
    %jmp T_1.5;
T_1.0 ;
    %load/vec4 v0x637bba8e8b60_0;
    %parti/s 1, 0, 2;
    %store/vec4 v0x637bba8e8c70_0, 0, 1;
    %jmp T_1.5;
T_1.1 ;
    %load/vec4 v0x637bba8e8b60_0;
    %parti/s 1, 1, 2;
    %store/vec4 v0x637bba8e8c70_0, 0, 1;
    %jmp T_1.5;
T_1.2 ;
    %load/vec4 v0x637bba8e8b60_0;
    %parti/s 1, 2, 3;
    %store/vec4 v0x637bba8e8c70_0, 0, 1;
    %jmp T_1.5;
T_1.3 ;
    %load/vec4 v0x637bba8e8b60_0;
    %parti/s 1, 3, 3;
    %store/vec4 v0x637bba8e8c70_0, 0, 1;
    %jmp T_1.5;
T_1.5 ;
    %pop/vec4 1;
    %jmp T_1;
    .thread T_1, $push;
    .scope S_0x637bba8e7e90;
T_2 ;
    %wait E_0x637bba8d1de0;
    %pushi/vec4 0, 0, 4;
    %store/vec4 v0x637bba8e8200_0, 0, 4;
    %load/vec4 v0x637bba8e82e0_0;
    %dup/vec4;
    %pushi/vec4 0, 0, 2;
    %cmp/u;
    %jmp/1 T_2.0, 6;
    %dup/vec4;
    %pushi/vec4 1, 0, 2;
    %cmp/u;
    %jmp/1 T_2.1, 6;
    %dup/vec4;
    %pushi/vec4 2, 0, 2;
    %cmp/u;
    %jmp/1 T_2.2, 6;
    %dup/vec4;
    %pushi/vec4 3, 0, 2;
    %cmp/u;
    %jmp/1 T_2.3, 6;
    %pushi/vec4 0, 0, 4;
    %store/vec4 v0x637bba8e8200_0, 0, 4;
    %jmp T_2.5;
T_2.0 ;
    %load/vec4 v0x637bba8e8120_0;
    %ix/load 4, 0, 0;
    %flag_set/imm 4, 0;
    %store/vec4 v0x637bba8e8200_0, 4, 1;
    %jmp T_2.5;
T_2.1 ;
    %load/vec4 v0x637bba8e8120_0;
    %ix/load 4, 1, 0;
    %flag_set/imm 4, 0;
    %store/vec4 v0x637bba8e8200_0, 4, 1;
    %jmp T_2.5;
T_2.2 ;
    %load/vec4 v0x637bba8e8120_0;
    %ix/load 4, 2, 0;
    %flag_set/imm 4, 0;
    %store/vec4 v0x637bba8e8200_0, 4, 1;
    %jmp T_2.5;
T_2.3 ;
    %load/vec4 v0x637bba8e8120_0;
    %ix/load 4, 3, 0;
    %flag_set/imm 4, 0;
    %store/vec4 v0x637bba8e8200_0, 4, 1;
    %jmp T_2.5;
T_2.5 ;
    %pop/vec4 1;
    %jmp T_2;
    .thread T_2, $push;
    .scope S_0x637bba8ca570;
T_3 ;
    %wait E_0x637bba8d1930;
    %load/vec4 v0x637bba8ca7a0_0;
    %dup/vec4;
    %pushi/vec4 0, 0, 2;
    %cmp/u;
    %jmp/1 T_3.0, 6;
    %dup/vec4;
    %pushi/vec4 1, 0, 2;
    %cmp/u;
    %jmp/1 T_3.1, 6;
    %dup/vec4;
    %pushi/vec4 2, 0, 2;
    %cmp/u;
    %jmp/1 T_3.2, 6;
    %dup/vec4;
    %pushi/vec4 3, 0, 2;
    %cmp/u;
    %jmp/1 T_3.3, 6;
    %pushi/vec4 1, 0, 4;
    %store/vec4 v0x637bba8e7d50_0, 0, 4;
    %jmp T_3.5;
T_3.0 ;
    %pushi/vec4 1, 0, 4;
    %store/vec4 v0x637bba8e7d50_0, 0, 4;
    %jmp T_3.5;
T_3.1 ;
    %pushi/vec4 2, 0, 4;
    %store/vec4 v0x637bba8e7d50_0, 0, 4;
    %jmp T_3.5;
T_3.2 ;
    %pushi/vec4 4, 0, 4;
    %store/vec4 v0x637bba8e7d50_0, 0, 4;
    %jmp T_3.5;
T_3.3 ;
    %pushi/vec4 8, 0, 4;
    %store/vec4 v0x637bba8e7d50_0, 0, 4;
    %jmp T_3.5;
T_3.5 ;
    %pop/vec4 1;
    %jmp T_3;
    .thread T_3, $push;
    .scope S_0x637bba8ce9e0;
T_4 ;
    %vpi_call 2 36 "$dumpfile", "simp_comm_sys_tb.vcd" {0 0 0};
    %vpi_call 2 37 "$dumpvars", 32'sb00000000000000000000000000000000, S_0x637bba8ce9e0 {0 0 0};
    %vpi_call 2 40 "$monitor", "Time=%0t | Message=%b Sel=%b => Received Message=%b", $time, v0x637bba8e94a0_0, v0x637bba8e9670_0, v0x637bba8e9560_0 {0 0 0};
    %pushi/vec4 1, 0, 4;
    %store/vec4 v0x637bba8e94a0_0, 0, 4;
    %pushi/vec4 0, 0, 2;
    %store/vec4 v0x637bba8e9670_0, 0, 2;
    %delay 10000, 0;
    %pushi/vec4 2, 0, 4;
    %store/vec4 v0x637bba8e94a0_0, 0, 4;
    %pushi/vec4 1, 0, 2;
    %store/vec4 v0x637bba8e9670_0, 0, 2;
    %delay 10000, 0;
    %pushi/vec4 4, 0, 4;
    %store/vec4 v0x637bba8e94a0_0, 0, 4;
    %pushi/vec4 2, 0, 2;
    %store/vec4 v0x637bba8e9670_0, 0, 2;
    %delay 10000, 0;
    %pushi/vec4 8, 0, 4;
    %store/vec4 v0x637bba8e94a0_0, 0, 4;
    %pushi/vec4 3, 0, 2;
    %store/vec4 v0x637bba8e9670_0, 0, 2;
    %delay 10000, 0;
    %vpi_call 2 54 "$finish" {0 0 0};
    %end;
    .thread T_4;
# The file index is used to find the file name in the following table.
:file_names 8;
    "N/A";
    "<interactive>";
    "simp_comm_sys_tb.v";
    "simp_comm_system.v";
    "deco_2to4.v";
    "demux_1to4.v";
    "enco_4to2.v";
    "mux_4to1.v";
