#! /foss/tools/iverilog/bin/vvp
:ivl_version "13.0 (devel)" "(s20251012-94-g7786fb67-dirty)";
:ivl_delay_selection "TYPICAL";
:vpi_time_precision + 0;
:vpi_module "/foss/tools/iverilog/lib/ivl/system.vpi";
:vpi_module "/foss/tools/iverilog/lib/ivl/vhdl_sys.vpi";
:vpi_module "/foss/tools/iverilog/lib/ivl/vhdl_textio.vpi";
:vpi_module "/foss/tools/iverilog/lib/ivl/v2005_math.vpi";
:vpi_module "/foss/tools/iverilog/lib/ivl/va_math.vpi";
S_0x61535c90e860 .scope module, "johnson_counter_tb" "johnson_counter_tb" 2 1;
 .timescale 0 0;
v0x61535c9228d0_0 .var "clk", 0 0;
v0x61535c9229a0_0 .net "q", 3 0, L_0x61535c922b70;  1 drivers
v0x61535c922a70_0 .var "rst", 0 0;
S_0x61535c90e9f0 .scope module, "uut" "johnson_counter" 2 5, 3 1 0, S_0x61535c90e860;
 .timescale 0 0;
    .port_info 0 /INPUT 1 "clk";
    .port_info 1 /INPUT 1 "rst";
    .port_info 2 /OUTPUT 4 "q";
L_0x61535c922b70 .functor BUFZ 4, v0x61535c9226d0_0, C4<0000>, C4<0000>, C4<0000>;
v0x61535c90ebf0_0 .net "clk", 0 0, v0x61535c9228d0_0;  1 drivers
v0x61535c9225f0_0 .net "q", 3 0, L_0x61535c922b70;  alias, 1 drivers
v0x61535c9226d0_0 .var "q_reg", 3 0;
v0x61535c922790_0 .net "rst", 0 0, v0x61535c922a70_0;  1 drivers
E_0x61535c8d4bc0 .event posedge, v0x61535c922790_0, v0x61535c90ebf0_0;
    .scope S_0x61535c90e9f0;
T_0 ;
    %wait E_0x61535c8d4bc0;
    %load/vec4 v0x61535c922790_0;
    %flag_set/vec4 8;
    %jmp/0xz  T_0.0, 8;
    %pushi/vec4 0, 0, 4;
    %assign/vec4 v0x61535c9226d0_0, 0;
    %jmp T_0.1;
T_0.0 ;
    %load/vec4 v0x61535c9226d0_0;
    %parti/s 1, 0, 2;
    %inv;
    %load/vec4 v0x61535c9226d0_0;
    %parti/s 3, 1, 2;
    %concat/vec4; draw_concat_vec4
    %assign/vec4 v0x61535c9226d0_0, 0;
T_0.1 ;
    %jmp T_0;
    .thread T_0;
    .scope S_0x61535c90e860;
T_1 ;
    %pushi/vec4 0, 0, 1;
    %store/vec4 v0x61535c9228d0_0, 0, 1;
T_1.0 ;
    %delay 5, 0;
    %load/vec4 v0x61535c9228d0_0;
    %inv;
    %store/vec4 v0x61535c9228d0_0, 0, 1;
    %jmp T_1.0;
T_1.1 ;
    %end;
    .thread T_1;
    .scope S_0x61535c90e860;
T_2 ;
    %vpi_call 2 17 "$dumpfile", "johnson_counter_tb.vcd" {0 0 0};
    %vpi_call 2 18 "$dumpvars", 32'sb00000000000000000000000000000000, S_0x61535c90e860 {0 0 0};
    %vpi_call 2 20 "$monitor", "Time=%0t | rst=%b clk=%b => q=%b", $time, v0x61535c922a70_0, v0x61535c9228d0_0, v0x61535c9229a0_0 {0 0 0};
    %pushi/vec4 1, 0, 1;
    %store/vec4 v0x61535c922a70_0, 0, 1;
    %delay 10, 0;
    %pushi/vec4 0, 0, 1;
    %store/vec4 v0x61535c922a70_0, 0, 1;
    %delay 50, 0;
    %pushi/vec4 1, 0, 1;
    %store/vec4 v0x61535c922a70_0, 0, 1;
    %delay 10, 0;
    %pushi/vec4 0, 0, 1;
    %store/vec4 v0x61535c922a70_0, 0, 1;
    %delay 30, 0;
    %vpi_call 2 25 "$finish" {0 0 0};
    %end;
    .thread T_2;
# The file index is used to find the file name in the following table.
:file_names 4;
    "N/A";
    "<interactive>";
    "johnson_counter_tb.v";
    "johnson_counter.v";
