#! /foss/tools/iverilog/bin/vvp
:ivl_version "13.0 (devel)" "(s20251012-94-g7786fb67-dirty)";
:ivl_delay_selection "TYPICAL";
:vpi_time_precision + 0;
:vpi_module "/foss/tools/iverilog/lib/ivl/system.vpi";
:vpi_module "/foss/tools/iverilog/lib/ivl/vhdl_sys.vpi";
:vpi_module "/foss/tools/iverilog/lib/ivl/vhdl_textio.vpi";
:vpi_module "/foss/tools/iverilog/lib/ivl/v2005_math.vpi";
:vpi_module "/foss/tools/iverilog/lib/ivl/va_math.vpi";
S_0x651adbba2820 .scope module, "ring_counter_tb" "ring_counter_tb" 2 1;
 .timescale 0 0;
v0x651adbbb6790_0 .var "clk", 0 0;
v0x651adbbb6860_0 .net "q", 3 0, L_0x651adbbb6a30;  1 drivers
v0x651adbbb6930_0 .var "rst", 0 0;
S_0x651adbba29b0 .scope module, "uut" "ring_counter" 2 5, 3 1 0, S_0x651adbba2820;
 .timescale 0 0;
    .port_info 0 /INPUT 1 "clk";
    .port_info 1 /INPUT 1 "rst";
    .port_info 2 /OUTPUT 4 "q";
L_0x651adbbb6a30 .functor BUFZ 4, v0x651adbbb6590_0, C4<0000>, C4<0000>, C4<0000>;
v0x651adbba2bb0_0 .net "clk", 0 0, v0x651adbbb6790_0;  1 drivers
v0x651adbbb64b0_0 .net "q", 3 0, L_0x651adbbb6a30;  alias, 1 drivers
v0x651adbbb6590_0 .var "q_reg", 3 0;
v0x651adbbb6650_0 .net "rst", 0 0, v0x651adbbb6930_0;  1 drivers
E_0x651adbb68bc0 .event posedge, v0x651adbbb6650_0, v0x651adbba2bb0_0;
    .scope S_0x651adbba29b0;
T_0 ;
    %wait E_0x651adbb68bc0;
    %load/vec4 v0x651adbbb6650_0;
    %flag_set/vec4 8;
    %jmp/0xz  T_0.0, 8;
    %pushi/vec4 1, 0, 4;
    %assign/vec4 v0x651adbbb6590_0, 0;
    %jmp T_0.1;
T_0.0 ;
    %load/vec4 v0x651adbbb6590_0;
    %parti/s 3, 0, 2;
    %load/vec4 v0x651adbbb6590_0;
    %parti/s 1, 3, 3;
    %concat/vec4; draw_concat_vec4
    %assign/vec4 v0x651adbbb6590_0, 0;
T_0.1 ;
    %jmp T_0;
    .thread T_0;
    .scope S_0x651adbba2820;
T_1 ;
    %pushi/vec4 0, 0, 1;
    %store/vec4 v0x651adbbb6790_0, 0, 1;
T_1.0 ;
    %delay 5, 0;
    %load/vec4 v0x651adbbb6790_0;
    %inv;
    %store/vec4 v0x651adbbb6790_0, 0, 1;
    %jmp T_1.0;
T_1.1 ;
    %end;
    .thread T_1;
    .scope S_0x651adbba2820;
T_2 ;
    %vpi_call 2 17 "$dumpfile", "ring_counter_tb.vcd" {0 0 0};
    %vpi_call 2 18 "$dumpvars", 32'sb00000000000000000000000000000000, S_0x651adbba2820 {0 0 0};
    %vpi_call 2 20 "$monitor", "Time=%0t | rst=%b clk=%b => q=%b", $time, v0x651adbbb6930_0, v0x651adbbb6790_0, v0x651adbbb6860_0 {0 0 0};
    %pushi/vec4 1, 0, 1;
    %store/vec4 v0x651adbbb6930_0, 0, 1;
    %delay 10, 0;
    %pushi/vec4 0, 0, 1;
    %store/vec4 v0x651adbbb6930_0, 0, 1;
    %delay 50, 0;
    %pushi/vec4 1, 0, 1;
    %store/vec4 v0x651adbbb6930_0, 0, 1;
    %delay 10, 0;
    %pushi/vec4 0, 0, 1;
    %store/vec4 v0x651adbbb6930_0, 0, 1;
    %delay 30, 0;
    %vpi_call 2 25 "$finish" {0 0 0};
    %end;
    .thread T_2;
# The file index is used to find the file name in the following table.
:file_names 4;
    "N/A";
    "<interactive>";
    "ring_counter_tb.v";
    "ring_counter.v";
