#! /foss/tools/iverilog/bin/vvp
:ivl_version "13.0 (devel)" "(s20251012-94-g7786fb67-dirty)";
:ivl_delay_selection "TYPICAL";
:vpi_time_precision + 0;
:vpi_module "/foss/tools/iverilog/lib/ivl/system.vpi";
:vpi_module "/foss/tools/iverilog/lib/ivl/vhdl_sys.vpi";
:vpi_module "/foss/tools/iverilog/lib/ivl/vhdl_textio.vpi";
:vpi_module "/foss/tools/iverilog/lib/ivl/v2005_math.vpi";
:vpi_module "/foss/tools/iverilog/lib/ivl/va_math.vpi";
S_0x5663c87c6580 .scope module, "ripple_counter_tb" "ripple_counter_tb" 2 1;
 .timescale 0 0;
v0x5663c87da360_0 .var "clk", 0 0;
v0x5663c87da430_0 .net "q", 3 0, L_0x5663c87da600;  1 drivers
v0x5663c87da500_0 .var "rst", 0 0;
S_0x5663c87c6710 .scope module, "uut" "ripple_counter" 2 5, 3 1 0, S_0x5663c87c6580;
 .timescale 0 0;
    .port_info 0 /INPUT 1 "clk";
    .port_info 1 /INPUT 1 "rst";
    .port_info 2 /OUTPUT 4 "q";
L_0x5663c87da600 .functor BUFZ 4, v0x5663c87da160_0, C4<0000>, C4<0000>, C4<0000>;
v0x5663c87c6910_0 .net "clk", 0 0, v0x5663c87da360_0;  1 drivers
v0x5663c87da080_0 .net "q", 3 0, L_0x5663c87da600;  alias, 1 drivers
v0x5663c87da160_0 .var "q_reg", 3 0;
v0x5663c87da220_0 .net "rst", 0 0, v0x5663c87da500_0;  1 drivers
E_0x5663c878cbc0 .event posedge, v0x5663c87da220_0, v0x5663c87c6910_0;
    .scope S_0x5663c87c6710;
T_0 ;
    %wait E_0x5663c878cbc0;
    %load/vec4 v0x5663c87da220_0;
    %flag_set/vec4 8;
    %jmp/0xz  T_0.0, 8;
    %pushi/vec4 0, 0, 4;
    %assign/vec4 v0x5663c87da160_0, 0;
    %jmp T_0.1;
T_0.0 ;
    %load/vec4 v0x5663c87da160_0;
    %addi 1, 0, 4;
    %assign/vec4 v0x5663c87da160_0, 0;
T_0.1 ;
    %jmp T_0;
    .thread T_0;
    .scope S_0x5663c87c6580;
T_1 ;
    %pushi/vec4 0, 0, 1;
    %store/vec4 v0x5663c87da360_0, 0, 1;
T_1.0 ;
    %delay 5, 0;
    %load/vec4 v0x5663c87da360_0;
    %inv;
    %store/vec4 v0x5663c87da360_0, 0, 1;
    %jmp T_1.0;
T_1.1 ;
    %end;
    .thread T_1;
    .scope S_0x5663c87c6580;
T_2 ;
    %vpi_call 2 17 "$dumpfile", "ripple_counter_tb.vcd" {0 0 0};
    %vpi_call 2 18 "$dumpvars", 32'sb00000000000000000000000000000000, S_0x5663c87c6580 {0 0 0};
    %vpi_call 2 20 "$monitor", "Time=%0t | rst=%b clk=%b => q=%b", $time, v0x5663c87da500_0, v0x5663c87da360_0, v0x5663c87da430_0 {0 0 0};
    %pushi/vec4 1, 0, 1;
    %store/vec4 v0x5663c87da500_0, 0, 1;
    %delay 10, 0;
    %pushi/vec4 0, 0, 1;
    %store/vec4 v0x5663c87da500_0, 0, 1;
    %delay 50, 0;
    %pushi/vec4 1, 0, 1;
    %store/vec4 v0x5663c87da500_0, 0, 1;
    %delay 10, 0;
    %pushi/vec4 0, 0, 1;
    %store/vec4 v0x5663c87da500_0, 0, 1;
    %delay 30, 0;
    %vpi_call 2 25 "$finish" {0 0 0};
    %end;
    .thread T_2;
# The file index is used to find the file name in the following table.
:file_names 4;
    "N/A";
    "<interactive>";
    "ripple_counter_tb.v";
    "ripple_counter.v";
