#! /foss/tools/iverilog/bin/vvp
:ivl_version "13.0 (devel)" "(s20251012-94-g7786fb67-dirty)";
:ivl_delay_selection "TYPICAL";
:vpi_time_precision - 12;
:vpi_module "/foss/tools/iverilog/lib/ivl/system.vpi";
:vpi_module "/foss/tools/iverilog/lib/ivl/vhdl_sys.vpi";
:vpi_module "/foss/tools/iverilog/lib/ivl/vhdl_textio.vpi";
:vpi_module "/foss/tools/iverilog/lib/ivl/v2005_math.vpi";
:vpi_module "/foss/tools/iverilog/lib/ivl/va_math.vpi";
S_0x593b40d5d3a0 .scope module, "t_ff_tb" "t_ff_tb" 2 23;
 .timescale -9 -12;
v0x593b40d72520_0 .var "clk", 0 0;
v0x593b40d725e0_0 .net "q", 0 0, v0x593b40d72220_0;  1 drivers
v0x593b40d726b0_0 .var "rst", 0 0;
v0x593b40d727b0_0 .var "t", 0 0;
S_0x593b40d5d530 .scope module, "uut" "t_ff" 2 28, 3 23 0, S_0x593b40d5d3a0;
 .timescale -9 -12;
    .port_info 0 /INPUT 1 "t";
    .port_info 1 /INPUT 1 "clk";
    .port_info 2 /INPUT 1 "rst";
    .port_info 3 /OUTPUT 1 "q";
v0x593b40d5d730_0 .net "clk", 0 0, v0x593b40d72520_0;  1 drivers
v0x593b40d72220_0 .var "q", 0 0;
v0x593b40d722e0_0 .net "rst", 0 0, v0x593b40d726b0_0;  1 drivers
v0x593b40d723b0_0 .net "t", 0 0, v0x593b40d727b0_0;  1 drivers
E_0x593b40d23c10 .event posedge, v0x593b40d722e0_0, v0x593b40d5d730_0;
    .scope S_0x593b40d5d530;
T_0 ;
    %wait E_0x593b40d23c10;
    %load/vec4 v0x593b40d722e0_0;
    %flag_set/vec4 8;
    %jmp/0xz  T_0.0, 8;
    %pushi/vec4 0, 0, 1;
    %assign/vec4 v0x593b40d72220_0, 0;
    %jmp T_0.1;
T_0.0 ;
    %load/vec4 v0x593b40d723b0_0;
    %flag_set/vec4 8;
    %jmp/0xz  T_0.2, 8;
    %load/vec4 v0x593b40d72220_0;
    %inv;
    %assign/vec4 v0x593b40d72220_0, 0;
    %jmp T_0.3;
T_0.2 ;
    %load/vec4 v0x593b40d72220_0;
    %assign/vec4 v0x593b40d72220_0, 0;
T_0.3 ;
T_0.1 ;
    %jmp T_0;
    .thread T_0;
    .scope S_0x593b40d5d3a0;
T_1 ;
    %pushi/vec4 0, 0, 1;
    %store/vec4 v0x593b40d72520_0, 0, 1;
T_1.0 ;
    %delay 5000, 0;
    %load/vec4 v0x593b40d72520_0;
    %inv;
    %store/vec4 v0x593b40d72520_0, 0, 1;
    %jmp T_1.0;
T_1.1 ;
    %end;
    .thread T_1;
    .scope S_0x593b40d5d3a0;
T_2 ;
    %vpi_call 2 43 "$dumpfile", "t_ff_tb.vcd" {0 0 0};
    %vpi_call 2 44 "$dumpvars", 32'sb00000000000000000000000000000000, S_0x593b40d5d3a0 {0 0 0};
    %vpi_call 2 47 "$monitor", "Time=%0t | t=%b rst=%b clk=%b => q=%b", $time, v0x593b40d727b0_0, v0x593b40d726b0_0, v0x593b40d72520_0, v0x593b40d725e0_0 {0 0 0};
    %pushi/vec4 0, 0, 1;
    %store/vec4 v0x593b40d727b0_0, 0, 1;
    %pushi/vec4 1, 0, 1;
    %store/vec4 v0x593b40d726b0_0, 0, 1;
    %delay 10000, 0;
    %pushi/vec4 0, 0, 1;
    %store/vec4 v0x593b40d726b0_0, 0, 1;
    %delay 10000, 0;
    %pushi/vec4 0, 0, 1;
    %store/vec4 v0x593b40d727b0_0, 0, 1;
    %delay 10000, 0;
    %pushi/vec4 1, 0, 1;
    %store/vec4 v0x593b40d727b0_0, 0, 1;
    %delay 10000, 0;
    %pushi/vec4 0, 0, 1;
    %store/vec4 v0x593b40d727b0_0, 0, 1;
    %delay 10000, 0;
    %pushi/vec4 1, 0, 1;
    %store/vec4 v0x593b40d727b0_0, 0, 1;
    %delay 10000, 0;
    %pushi/vec4 1, 0, 1;
    %store/vec4 v0x593b40d727b0_0, 0, 1;
    %pushi/vec4 1, 0, 1;
    %store/vec4 v0x593b40d726b0_0, 0, 1;
    %delay 10000, 0;
    %pushi/vec4 0, 0, 1;
    %store/vec4 v0x593b40d726b0_0, 0, 1;
    %delay 10000, 0;
    %pushi/vec4 1, 0, 1;
    %store/vec4 v0x593b40d727b0_0, 0, 1;
    %delay 20000, 0;
    %vpi_call 2 72 "$finish" {0 0 0};
    %end;
    .thread T_2;
# The file index is used to find the file name in the following table.
:file_names 4;
    "N/A";
    "<interactive>";
    "t_ff_tb.v";
    "t_ff.v";
