#! /foss/tools/iverilog/bin/vvp
:ivl_version "13.0 (devel)" "(s20251012-94-g7786fb67-dirty)";
:ivl_delay_selection "TYPICAL";
:vpi_time_precision + 0;
:vpi_module "/foss/tools/iverilog/lib/ivl/system.vpi";
:vpi_module "/foss/tools/iverilog/lib/ivl/vhdl_sys.vpi";
:vpi_module "/foss/tools/iverilog/lib/ivl/vhdl_textio.vpi";
:vpi_module "/foss/tools/iverilog/lib/ivl/v2005_math.vpi";
:vpi_module "/foss/tools/iverilog/lib/ivl/va_math.vpi";
S_0x5d6ca3a27300 .scope module, "encoder_8_3_tb" "encoder_8_3_tb" 2 1;
 .timescale 0 0;
v0x5d6ca3a3a030_0 .var "A", 7 0;
v0x5d6ca3a3a0f0_0 .net "y", 2 0, v0x5d6ca3a39ef0_0;  1 drivers
S_0x5d6ca3a27490 .scope module, "uut" "encoder_8_3" 2 4, 3 1 0, S_0x5d6ca3a27300;
 .timescale 0 0;
    .port_info 0 /INPUT 8 "A";
    .port_info 1 /OUTPUT 3 "y";
v0x5d6ca3a276c0_0 .net "A", 7 0, v0x5d6ca3a3a030_0;  1 drivers
v0x5d6ca3a39ef0_0 .var "y", 2 0;
E_0x5d6ca39ecc70 .event anyedge, v0x5d6ca3a276c0_0;
    .scope S_0x5d6ca3a27490;
T_0 ;
    %wait E_0x5d6ca39ecc70;
    %load/vec4 v0x5d6ca3a276c0_0;
    %dup/vec4;
    %pushi/vec4 128, 0, 8;
    %cmp/u;
    %jmp/1 T_0.0, 6;
    %dup/vec4;
    %pushi/vec4 64, 0, 8;
    %cmp/u;
    %jmp/1 T_0.1, 6;
    %dup/vec4;
    %pushi/vec4 32, 0, 8;
    %cmp/u;
    %jmp/1 T_0.2, 6;
    %dup/vec4;
    %pushi/vec4 16, 0, 8;
    %cmp/u;
    %jmp/1 T_0.3, 6;
    %dup/vec4;
    %pushi/vec4 8, 0, 8;
    %cmp/u;
    %jmp/1 T_0.4, 6;
    %dup/vec4;
    %pushi/vec4 4, 0, 8;
    %cmp/u;
    %jmp/1 T_0.5, 6;
    %dup/vec4;
    %pushi/vec4 2, 0, 8;
    %cmp/u;
    %jmp/1 T_0.6, 6;
    %dup/vec4;
    %pushi/vec4 1, 0, 8;
    %cmp/u;
    %jmp/1 T_0.7, 6;
    %pushi/vec4 7, 7, 3;
    %store/vec4 v0x5d6ca3a39ef0_0, 0, 3;
    %jmp T_0.9;
T_0.0 ;
    %pushi/vec4 7, 0, 3;
    %store/vec4 v0x5d6ca3a39ef0_0, 0, 3;
    %jmp T_0.9;
T_0.1 ;
    %pushi/vec4 6, 0, 3;
    %store/vec4 v0x5d6ca3a39ef0_0, 0, 3;
    %jmp T_0.9;
T_0.2 ;
    %pushi/vec4 5, 0, 3;
    %store/vec4 v0x5d6ca3a39ef0_0, 0, 3;
    %jmp T_0.9;
T_0.3 ;
    %pushi/vec4 4, 0, 3;
    %store/vec4 v0x5d6ca3a39ef0_0, 0, 3;
    %jmp T_0.9;
T_0.4 ;
    %pushi/vec4 3, 0, 3;
    %store/vec4 v0x5d6ca3a39ef0_0, 0, 3;
    %jmp T_0.9;
T_0.5 ;
    %pushi/vec4 2, 0, 3;
    %store/vec4 v0x5d6ca3a39ef0_0, 0, 3;
    %jmp T_0.9;
T_0.6 ;
    %pushi/vec4 1, 0, 3;
    %store/vec4 v0x5d6ca3a39ef0_0, 0, 3;
    %jmp T_0.9;
T_0.7 ;
    %pushi/vec4 0, 0, 3;
    %store/vec4 v0x5d6ca3a39ef0_0, 0, 3;
    %jmp T_0.9;
T_0.9 ;
    %pop/vec4 1;
    %jmp T_0;
    .thread T_0, $push;
    .scope S_0x5d6ca3a27300;
T_1 ;
    %vpi_call 2 6 "$dumpfile", "encoder_8_3_tb.vcd" {0 0 0};
    %vpi_call 2 7 "$dumpvars", 32'sb00000000000000000000000000000000, S_0x5d6ca3a27300 {0 0 0};
    %pushi/vec4 0, 0, 8;
    %store/vec4 v0x5d6ca3a3a030_0, 0, 8;
    %delay 10, 0;
    %pushi/vec4 1, 0, 8;
    %store/vec4 v0x5d6ca3a3a030_0, 0, 8;
    %delay 10, 0;
    %pushi/vec4 2, 0, 8;
    %store/vec4 v0x5d6ca3a3a030_0, 0, 8;
    %delay 10, 0;
    %pushi/vec4 4, 0, 8;
    %store/vec4 v0x5d6ca3a3a030_0, 0, 8;
    %delay 10, 0;
    %pushi/vec4 8, 0, 8;
    %store/vec4 v0x5d6ca3a3a030_0, 0, 8;
    %delay 10, 0;
    %pushi/vec4 16, 0, 8;
    %store/vec4 v0x5d6ca3a3a030_0, 0, 8;
    %delay 10, 0;
    %pushi/vec4 32, 0, 8;
    %store/vec4 v0x5d6ca3a3a030_0, 0, 8;
    %delay 10, 0;
    %pushi/vec4 64, 0, 8;
    %store/vec4 v0x5d6ca3a3a030_0, 0, 8;
    %delay 10, 0;
    %pushi/vec4 128, 0, 8;
    %store/vec4 v0x5d6ca3a3a030_0, 0, 8;
    %delay 10, 0;
    %vpi_call 2 18 "$finish" {0 0 0};
    %end;
    .thread T_1;
# The file index is used to find the file name in the following table.
:file_names 4;
    "N/A";
    "<interactive>";
    "encoder_8_3_tb.v";
    "encoder_8_3.v";
