#! /foss/tools/iverilog/bin/vvp
:ivl_version "13.0 (devel)" "(s20251012-94-g7786fb67-dirty)";
:ivl_delay_selection "TYPICAL";
:vpi_time_precision + 0;
:vpi_module "/foss/tools/iverilog/lib/ivl/system.vpi";
:vpi_module "/foss/tools/iverilog/lib/ivl/vhdl_sys.vpi";
:vpi_module "/foss/tools/iverilog/lib/ivl/vhdl_textio.vpi";
:vpi_module "/foss/tools/iverilog/lib/ivl/v2005_math.vpi";
:vpi_module "/foss/tools/iverilog/lib/ivl/va_math.vpi";
S_0x5dffd9f43860 .scope module, "priority_encoder_tb" "priority_encoder_tb" 2 1;
 .timescale 0 0;
v0x5dffd9f57df0_0 .var "in", 3 0;
v0x5dffd9f57eb0_0 .net "out", 1 0, v0x5dffd9f57bd0_0;  1 drivers
v0x5dffd9f57f80_0 .net "valid", 0 0, v0x5dffd9f57cd0_0;  1 drivers
S_0x5dffd9f439f0 .scope module, "uut" "priority_encoder" 2 7, 3 1 0, S_0x5dffd9f43860;
 .timescale 0 0;
    .port_info 0 /INPUT 4 "in";
    .port_info 1 /OUTPUT 2 "out";
    .port_info 2 /OUTPUT 1 "valid";
v0x5dffd9f43c60_0 .net "in", 3 0, v0x5dffd9f57df0_0;  1 drivers
v0x5dffd9f57bd0_0 .var "out", 1 0;
v0x5dffd9f57cd0_0 .var "valid", 0 0;
E_0x5dffd9f40850 .event anyedge, v0x5dffd9f43c60_0;
    .scope S_0x5dffd9f439f0;
T_0 ;
    %wait E_0x5dffd9f40850;
    %load/vec4 v0x5dffd9f43c60_0;
    %dup/vec4;
    %pushi/vec4 0, 0, 4;
    %cmp/z;
    %jmp/1 T_0.0, 4;
    %dup/vec4;
    %pushi/vec4 1, 0, 4;
    %cmp/z;
    %jmp/1 T_0.1, 4;
    %dup/vec4;
    %pushi/vec4 2, 1, 4;
    %cmp/z;
    %jmp/1 T_0.2, 4;
    %dup/vec4;
    %pushi/vec4 4, 3, 4;
    %cmp/z;
    %jmp/1 T_0.3, 4;
    %dup/vec4;
    %pushi/vec4 8, 7, 4;
    %cmp/z;
    %jmp/1 T_0.4, 4;
    %pushi/vec4 0, 0, 2;
    %store/vec4 v0x5dffd9f57bd0_0, 0, 2;
    %pushi/vec4 0, 0, 1;
    %store/vec4 v0x5dffd9f57cd0_0, 0, 1;
    %jmp T_0.6;
T_0.0 ;
    %pushi/vec4 0, 0, 2;
    %store/vec4 v0x5dffd9f57bd0_0, 0, 2;
    %pushi/vec4 0, 0, 1;
    %store/vec4 v0x5dffd9f57cd0_0, 0, 1;
    %jmp T_0.6;
T_0.1 ;
    %pushi/vec4 0, 0, 2;
    %store/vec4 v0x5dffd9f57bd0_0, 0, 2;
    %pushi/vec4 1, 0, 1;
    %store/vec4 v0x5dffd9f57cd0_0, 0, 1;
    %jmp T_0.6;
T_0.2 ;
    %pushi/vec4 1, 0, 2;
    %store/vec4 v0x5dffd9f57bd0_0, 0, 2;
    %pushi/vec4 1, 0, 1;
    %store/vec4 v0x5dffd9f57cd0_0, 0, 1;
    %jmp T_0.6;
T_0.3 ;
    %pushi/vec4 2, 0, 2;
    %store/vec4 v0x5dffd9f57bd0_0, 0, 2;
    %pushi/vec4 1, 0, 1;
    %store/vec4 v0x5dffd9f57cd0_0, 0, 1;
    %jmp T_0.6;
T_0.4 ;
    %pushi/vec4 3, 0, 2;
    %store/vec4 v0x5dffd9f57bd0_0, 0, 2;
    %pushi/vec4 1, 0, 1;
    %store/vec4 v0x5dffd9f57cd0_0, 0, 1;
    %jmp T_0.6;
T_0.6 ;
    %pop/vec4 1;
    %jmp T_0;
    .thread T_0, $push;
    .scope S_0x5dffd9f43860;
T_1 ;
    %vpi_call 2 14 "$dumpfile", "priority_encoder_tb.vcd" {0 0 0};
    %vpi_call 2 15 "$dumpvars", 32'sb00000000000000000000000000000000, S_0x5dffd9f43860 {0 0 0};
    %vpi_call 2 18 "$monitor", "Time=%0t | in=%b => out=%b valid=%b", $time, v0x5dffd9f57df0_0, v0x5dffd9f57eb0_0, v0x5dffd9f57f80_0 {0 0 0};
    %pushi/vec4 0, 0, 4;
    %store/vec4 v0x5dffd9f57df0_0, 0, 4;
    %delay 10, 0;
    %pushi/vec4 1, 0, 4;
    %store/vec4 v0x5dffd9f57df0_0, 0, 4;
    %delay 10, 0;
    %pushi/vec4 2, 0, 4;
    %store/vec4 v0x5dffd9f57df0_0, 0, 4;
    %delay 10, 0;
    %pushi/vec4 4, 0, 4;
    %store/vec4 v0x5dffd9f57df0_0, 0, 4;
    %delay 10, 0;
    %pushi/vec4 8, 0, 4;
    %store/vec4 v0x5dffd9f57df0_0, 0, 4;
    %delay 10, 0;
    %pushi/vec4 6, 0, 4;
    %store/vec4 v0x5dffd9f57df0_0, 0, 4;
    %delay 10, 0;
    %pushi/vec4 12, 0, 4;
    %store/vec4 v0x5dffd9f57df0_0, 0, 4;
    %delay 10, 0;
    %vpi_call 2 29 "$finish" {0 0 0};
    %end;
    .thread T_1;
# The file index is used to find the file name in the following table.
:file_names 4;
    "N/A";
    "<interactive>";
    "priority_encoder_tb.v";
    "priority_encoder.v";
