#! /foss/tools/iverilog/bin/vvp
:ivl_version "13.0 (devel)" "(s20251012-94-g7786fb67-dirty)";
:ivl_delay_selection "TYPICAL";
:vpi_time_precision + 0;
:vpi_module "/foss/tools/iverilog/lib/ivl/system.vpi";
:vpi_module "/foss/tools/iverilog/lib/ivl/vhdl_sys.vpi";
:vpi_module "/foss/tools/iverilog/lib/ivl/vhdl_textio.vpi";
:vpi_module "/foss/tools/iverilog/lib/ivl/v2005_math.vpi";
:vpi_module "/foss/tools/iverilog/lib/ivl/va_math.vpi";
S_0x55903ae21cc0 .scope module, "sequence_detector_tb" "sequence_detector_tb" 2 1;
 .timescale 0 0;
v0x55903ae39f50_0 .var "clk", 0 0;
v0x55903ae3a010_0 .var "in", 0 0;
v0x55903ae3a0e0_0 .net "out", 0 0, v0x55903ae39c20_0;  1 drivers
v0x55903ae3a1e0_0 .var "reset", 0 0;
S_0x55903ae21e50 .scope module, "uut" "sequence_detector" 2 6, 3 3 0, S_0x55903ae21cc0;
 .timescale 0 0;
    .port_info 0 /INPUT 1 "clk";
    .port_info 1 /INPUT 1 "reset";
    .port_info 2 /INPUT 1 "in";
    .port_info 3 /OUTPUT 1 "out";
P_0x55903ae22030 .param/l "S0" 0 3 12, C4<000>;
P_0x55903ae22070 .param/l "S1" 0 3 12, C4<001>;
P_0x55903ae220b0 .param/l "S2" 0 3 12, C4<010>;
P_0x55903ae220f0 .param/l "S3" 0 3 12, C4<011>;
P_0x55903ae22130 .param/l "S4" 0 3 12, C4<100>;
v0x55903ade35c0_0 .net "clk", 0 0, v0x55903ae39f50_0;  1 drivers
v0x55903ae39a70_0 .net "in", 0 0, v0x55903ae3a010_0;  1 drivers
v0x55903ae39b30_0 .var "next_state", 2 0;
v0x55903ae39c20_0 .var "out", 0 0;
v0x55903ae39ce0_0 .net "reset", 0 0, v0x55903ae3a1e0_0;  1 drivers
v0x55903ae39df0_0 .var "state", 2 0;
E_0x55903ae1cc20 .event anyedge, v0x55903ae39df0_0, v0x55903ae39a70_0;
E_0x55903ae1c6a0 .event posedge, v0x55903ae39ce0_0, v0x55903ade35c0_0;
    .scope S_0x55903ae21e50;
T_0 ;
    %wait E_0x55903ae1c6a0;
    %load/vec4 v0x55903ae39ce0_0;
    %flag_set/vec4 8;
    %jmp/0xz  T_0.0, 8;
    %pushi/vec4 0, 0, 3;
    %assign/vec4 v0x55903ae39df0_0, 0;
    %jmp T_0.1;
T_0.0 ;
    %load/vec4 v0x55903ae39b30_0;
    %assign/vec4 v0x55903ae39df0_0, 0;
T_0.1 ;
    %jmp T_0;
    .thread T_0;
    .scope S_0x55903ae21e50;
T_1 ;
    %wait E_0x55903ae1cc20;
    %load/vec4 v0x55903ae39df0_0;
    %dup/vec4;
    %pushi/vec4 0, 0, 3;
    %cmp/u;
    %jmp/1 T_1.0, 6;
    %dup/vec4;
    %pushi/vec4 1, 0, 3;
    %cmp/u;
    %jmp/1 T_1.1, 6;
    %dup/vec4;
    %pushi/vec4 2, 0, 3;
    %cmp/u;
    %jmp/1 T_1.2, 6;
    %dup/vec4;
    %pushi/vec4 3, 0, 3;
    %cmp/u;
    %jmp/1 T_1.3, 6;
    %dup/vec4;
    %pushi/vec4 4, 0, 3;
    %cmp/u;
    %jmp/1 T_1.4, 6;
    %pushi/vec4 0, 0, 3;
    %store/vec4 v0x55903ae39b30_0, 0, 3;
    %pushi/vec4 0, 0, 1;
    %store/vec4 v0x55903ae39c20_0, 0, 1;
    %jmp T_1.6;
T_1.0 ;
    %load/vec4 v0x55903ae39a70_0;
    %flag_set/vec4 8;
    %jmp/0xz  T_1.7, 8;
    %pushi/vec4 1, 0, 3;
    %store/vec4 v0x55903ae39b30_0, 0, 3;
    %jmp T_1.8;
T_1.7 ;
    %pushi/vec4 0, 0, 3;
    %store/vec4 v0x55903ae39b30_0, 0, 3;
T_1.8 ;
    %pushi/vec4 0, 0, 1;
    %store/vec4 v0x55903ae39c20_0, 0, 1;
    %jmp T_1.6;
T_1.1 ;
    %load/vec4 v0x55903ae39a70_0;
    %flag_set/vec4 8;
    %jmp/0xz  T_1.9, 8;
    %pushi/vec4 1, 0, 3;
    %store/vec4 v0x55903ae39b30_0, 0, 3;
    %jmp T_1.10;
T_1.9 ;
    %pushi/vec4 2, 0, 3;
    %store/vec4 v0x55903ae39b30_0, 0, 3;
T_1.10 ;
    %pushi/vec4 0, 0, 1;
    %store/vec4 v0x55903ae39c20_0, 0, 1;
    %jmp T_1.6;
T_1.2 ;
    %load/vec4 v0x55903ae39a70_0;
    %flag_set/vec4 8;
    %jmp/0xz  T_1.11, 8;
    %pushi/vec4 3, 0, 3;
    %store/vec4 v0x55903ae39b30_0, 0, 3;
    %jmp T_1.12;
T_1.11 ;
    %pushi/vec4 0, 0, 3;
    %store/vec4 v0x55903ae39b30_0, 0, 3;
T_1.12 ;
    %pushi/vec4 0, 0, 1;
    %store/vec4 v0x55903ae39c20_0, 0, 1;
    %jmp T_1.6;
T_1.3 ;
    %load/vec4 v0x55903ae39a70_0;
    %flag_set/vec4 8;
    %jmp/0xz  T_1.13, 8;
    %pushi/vec4 4, 0, 3;
    %store/vec4 v0x55903ae39b30_0, 0, 3;
    %jmp T_1.14;
T_1.13 ;
    %pushi/vec4 2, 0, 3;
    %store/vec4 v0x55903ae39b30_0, 0, 3;
T_1.14 ;
    %pushi/vec4 0, 0, 1;
    %store/vec4 v0x55903ae39c20_0, 0, 1;
    %jmp T_1.6;
T_1.4 ;
    %load/vec4 v0x55903ae39a70_0;
    %flag_set/vec4 8;
    %jmp/0xz  T_1.15, 8;
    %pushi/vec4 1, 0, 3;
    %store/vec4 v0x55903ae39b30_0, 0, 3;
    %jmp T_1.16;
T_1.15 ;
    %pushi/vec4 2, 0, 3;
    %store/vec4 v0x55903ae39b30_0, 0, 3;
T_1.16 ;
    %pushi/vec4 1, 0, 1;
    %store/vec4 v0x55903ae39c20_0, 0, 1;
    %jmp T_1.6;
T_1.6 ;
    %pop/vec4 1;
    %jmp T_1;
    .thread T_1, $push;
    .scope S_0x55903ae21cc0;
T_2 ;
    %vpi_call 2 14 "$dumpfile", "sequence_detector_tb.vcd" {0 0 0};
    %vpi_call 2 15 "$dumpvars", 32'sb00000000000000000000000000000000, S_0x55903ae21cc0 {0 0 0};
    %vpi_call 2 18 "$monitor", "Time=%0t | clk=%b reset=%b in=%b => out=%b", $time, v0x55903ae39f50_0, v0x55903ae3a1e0_0, v0x55903ae3a010_0, v0x55903ae3a0e0_0 {0 0 0};
    %pushi/vec4 0, 0, 1;
    %store/vec4 v0x55903ae39f50_0, 0, 1;
    %pushi/vec4 0, 0, 1;
    %store/vec4 v0x55903ae3a1e0_0, 0, 1;
    %pushi/vec4 0, 0, 1;
    %store/vec4 v0x55903ae3a010_0, 0, 1;
    %pushi/vec4 1, 0, 1;
    %store/vec4 v0x55903ae3a1e0_0, 0, 1;
    %delay 5, 0;
    %pushi/vec4 0, 0, 1;
    %store/vec4 v0x55903ae3a1e0_0, 0, 1;
    %delay 5, 0;
    %pushi/vec4 1, 0, 1;
    %store/vec4 v0x55903ae3a010_0, 0, 1;
    %delay 10, 0;
    %pushi/vec4 0, 0, 1;
    %store/vec4 v0x55903ae3a010_0, 0, 1;
    %delay 10, 0;
    %pushi/vec4 1, 0, 1;
    %store/vec4 v0x55903ae3a010_0, 0, 1;
    %delay 10, 0;
    %pushi/vec4 1, 0, 1;
    %store/vec4 v0x55903ae3a010_0, 0, 1;
    %delay 10, 0;
    %pushi/vec4 0, 0, 1;
    %store/vec4 v0x55903ae3a010_0, 0, 1;
    %delay 10, 0;
    %pushi/vec4 1, 0, 1;
    %store/vec4 v0x55903ae3a010_0, 0, 1;
    %delay 10, 0;
    %pushi/vec4 0, 0, 1;
    %store/vec4 v0x55903ae3a010_0, 0, 1;
    %delay 10, 0;
    %pushi/vec4 1, 0, 1;
    %store/vec4 v0x55903ae3a010_0, 0, 1;
    %delay 10, 0;
    %pushi/vec4 1, 0, 1;
    %store/vec4 v0x55903ae3a010_0, 0, 1;
    %delay 10, 0;
    %vpi_call 2 31 "$finish" {0 0 0};
    %end;
    .thread T_2;
    .scope S_0x55903ae21cc0;
T_3 ;
    %delay 5, 0;
    %load/vec4 v0x55903ae39f50_0;
    %inv;
    %store/vec4 v0x55903ae39f50_0, 0, 1;
    %jmp T_3;
    .thread T_3;
# The file index is used to find the file name in the following table.
:file_names 4;
    "N/A";
    "<interactive>";
    "sequence_detector_tb.v";
    "sequence_detector.v";
