#! /foss/tools/iverilog/bin/vvp
:ivl_version "13.0 (devel)" "(s20251012-94-g7786fb67-dirty)";
:ivl_delay_selection "TYPICAL";
:vpi_time_precision + 0;
:vpi_module "/foss/tools/iverilog/lib/ivl/system.vpi";
:vpi_module "/foss/tools/iverilog/lib/ivl/vhdl_sys.vpi";
:vpi_module "/foss/tools/iverilog/lib/ivl/vhdl_textio.vpi";
:vpi_module "/foss/tools/iverilog/lib/ivl/v2005_math.vpi";
:vpi_module "/foss/tools/iverilog/lib/ivl/va_math.vpi";
S_0x6285f417cda0 .scope module, "d_type_tb" "d_type_tb" 2 22;
 .timescale 0 0;
v0x6285f4190bd0_0 .var "clk", 0 0;
v0x6285f4190c90_0 .var "d", 0 0;
v0x6285f4190d60_0 .net "q", 0 0, v0x6285f4190890_0;  1 drivers
v0x6285f4190e60_0 .net "qn", 0 0, v0x6285f4190960_0;  1 drivers
v0x6285f4190f30_0 .var "rst", 0 0;
S_0x6285f417cf30 .scope module, "uut" "d_type" 2 25, 3 21 0, S_0x6285f417cda0;
 .timescale 0 0;
    .port_info 0 /INPUT 1 "d";
    .port_info 1 /INPUT 1 "clk";
    .port_info 2 /INPUT 1 "rst";
    .port_info 3 /OUTPUT 1 "q";
    .port_info 4 /OUTPUT 1 "qn";
v0x6285f417d190_0 .net "clk", 0 0, v0x6285f4190bd0_0;  1 drivers
v0x6285f41907d0_0 .net "d", 0 0, v0x6285f4190c90_0;  1 drivers
v0x6285f4190890_0 .var "q", 0 0;
v0x6285f4190960_0 .var "qn", 0 0;
v0x6285f4190a20_0 .net "rst", 0 0, v0x6285f4190f30_0;  1 drivers
E_0x6285f4142c00 .event posedge, v0x6285f4190a20_0, v0x6285f417d190_0;
    .scope S_0x6285f417cf30;
T_0 ;
    %wait E_0x6285f4142c00;
    %load/vec4 v0x6285f4190a20_0;
    %inv;
    %flag_set/vec4 8;
    %jmp/0xz  T_0.0, 8;
    %load/vec4 v0x6285f41907d0_0;
    %assign/vec4 v0x6285f4190890_0, 0;
    %load/vec4 v0x6285f41907d0_0;
    %inv;
    %assign/vec4 v0x6285f4190960_0, 0;
    %jmp T_0.1;
T_0.0 ;
    %pushi/vec4 0, 0, 1;
    %assign/vec4 v0x6285f4190890_0, 0;
    %pushi/vec4 1, 0, 1;
    %assign/vec4 v0x6285f4190960_0, 0;
T_0.1 ;
    %jmp T_0;
    .thread T_0;
    .scope S_0x6285f417cda0;
T_1 ;
    %pushi/vec4 0, 0, 1;
    %store/vec4 v0x6285f4190c90_0, 0, 1;
    %pushi/vec4 0, 0, 1;
    %store/vec4 v0x6285f4190bd0_0, 0, 1;
    %end;
    .thread T_1;
    .scope S_0x6285f417cda0;
T_2 ;
    %delay 5, 0;
    %load/vec4 v0x6285f4190bd0_0;
    %inv;
    %store/vec4 v0x6285f4190bd0_0, 0, 1;
    %jmp T_2;
    .thread T_2;
    .scope S_0x6285f417cda0;
T_3 ;
    %vpi_call 2 29 "$dumpfile", "d_type_tb.vcd" {0 0 0};
    %vpi_call 2 30 "$dumpvars", 32'sb00000000000000000000000000000000, S_0x6285f417cda0 {0 0 0};
    %pushi/vec4 0, 0, 1;
    %store/vec4 v0x6285f4190f30_0, 0, 1;
    %pushi/vec4 1, 0, 1;
    %store/vec4 v0x6285f4190c90_0, 0, 1;
    %delay 10, 0;
    %pushi/vec4 1, 0, 1;
    %store/vec4 v0x6285f4190f30_0, 0, 1;
    %pushi/vec4 1, 0, 1;
    %store/vec4 v0x6285f4190c90_0, 0, 1;
    %delay 10, 0;
    %pushi/vec4 0, 0, 1;
    %store/vec4 v0x6285f4190c90_0, 0, 1;
    %delay 10, 0;
    %pushi/vec4 0, 0, 1;
    %store/vec4 v0x6285f4190f30_0, 0, 1;
    %pushi/vec4 1, 0, 1;
    %store/vec4 v0x6285f4190c90_0, 0, 1;
    %delay 10, 0;
    %pushi/vec4 1, 0, 1;
    %store/vec4 v0x6285f4190f30_0, 0, 1;
    %pushi/vec4 1, 0, 1;
    %store/vec4 v0x6285f4190c90_0, 0, 1;
    %delay 10, 0;
    %vpi_call 2 37 "$finish" {0 0 0};
    %end;
    .thread T_3;
# The file index is used to find the file name in the following table.
:file_names 4;
    "N/A";
    "<interactive>";
    "d_type_tb.v";
    "D_type_ff.v";
