#! /foss/tools/iverilog/bin/vvp
:ivl_version "13.0 (devel)" "(s20251012-94-g7786fb67-dirty)";
:ivl_delay_selection "TYPICAL";
:vpi_time_precision + 0;
:vpi_module "/foss/tools/iverilog/lib/ivl/system.vpi";
:vpi_module "/foss/tools/iverilog/lib/ivl/vhdl_sys.vpi";
:vpi_module "/foss/tools/iverilog/lib/ivl/vhdl_textio.vpi";
:vpi_module "/foss/tools/iverilog/lib/ivl/v2005_math.vpi";
:vpi_module "/foss/tools/iverilog/lib/ivl/va_math.vpi";
S_0x58316da2cad0 .scope module, "sr_ff_tb" "sr_ff_tb" 2 2;
 .timescale 0 0;
v0x58316da53820_0 .net "Q", 0 0, v0x58316da40270_0;  1 drivers
v0x58316da538e0_0 .net "Qbar", 0 0, L_0x58316da53c70;  1 drivers
v0x58316da539b0_0 .var "R", 0 0;
v0x58316da53ab0_0 .var "S", 0 0;
v0x58316da53b80_0 .var "clk", 0 0;
S_0x58316da3ffe0 .scope module, "uut" "sr_ff" 2 5, 3 2 0, S_0x58316da2cad0;
 .timescale 0 0;
    .port_info 0 /INPUT 1 "S";
    .port_info 1 /INPUT 1 "R";
    .port_info 2 /INPUT 1 "clk";
    .port_info 3 /OUTPUT 1 "Q";
    .port_info 4 /OUTPUT 1 "Qbar";
L_0x58316da53c70 .functor NOT 1, v0x58316da40270_0, C4<0>, C4<0>, C4<0>;
v0x58316da40270_0 .var "Q", 0 0;
v0x58316da53420_0 .net "Qbar", 0 0, L_0x58316da53c70;  alias, 1 drivers
v0x58316da534e0_0 .net "R", 0 0, v0x58316da539b0_0;  1 drivers
v0x58316da535b0_0 .net "S", 0 0, v0x58316da53ab0_0;  1 drivers
v0x58316da53670_0 .net "clk", 0 0, v0x58316da53b80_0;  1 drivers
E_0x58316da3e980 .event posedge, v0x58316da53670_0;
    .scope S_0x58316da3ffe0;
T_0 ;
    %wait E_0x58316da3e980;
    %pushi/vec4 0, 0, 1;
    %assign/vec4 v0x58316da40270_0, 0;
    %load/vec4 v0x58316da535b0_0;
    %load/vec4 v0x58316da534e0_0;
    %concat/vec4; draw_concat_vec4
    %dup/vec4;
    %pushi/vec4 0, 0, 2;
    %cmp/u;
    %jmp/1 T_0.0, 6;
    %dup/vec4;
    %pushi/vec4 1, 0, 2;
    %cmp/u;
    %jmp/1 T_0.1, 6;
    %dup/vec4;
    %pushi/vec4 2, 0, 2;
    %cmp/u;
    %jmp/1 T_0.2, 6;
    %dup/vec4;
    %pushi/vec4 3, 0, 2;
    %cmp/u;
    %jmp/1 T_0.3, 6;
    %pushi/vec4 0, 0, 1;
    %assign/vec4 v0x58316da40270_0, 0;
    %jmp T_0.5;
T_0.0 ;
    %load/vec4 v0x58316da40270_0;
    %assign/vec4 v0x58316da40270_0, 0;
    %jmp T_0.5;
T_0.1 ;
    %pushi/vec4 0, 0, 1;
    %assign/vec4 v0x58316da40270_0, 0;
    %jmp T_0.5;
T_0.2 ;
    %pushi/vec4 1, 0, 1;
    %assign/vec4 v0x58316da40270_0, 0;
    %jmp T_0.5;
T_0.3 ;
    %pushi/vec4 1, 1, 1;
    %assign/vec4 v0x58316da40270_0, 0;
    %jmp T_0.5;
T_0.5 ;
    %pop/vec4 1;
    %jmp T_0;
    .thread T_0;
    .scope S_0x58316da2cad0;
T_1 ;
    %pushi/vec4 0, 0, 1;
    %store/vec4 v0x58316da53b80_0, 0, 1;
    %end;
    .thread T_1;
    .scope S_0x58316da2cad0;
T_2 ;
    %delay 5, 0;
    %load/vec4 v0x58316da53b80_0;
    %inv;
    %store/vec4 v0x58316da53b80_0, 0, 1;
    %jmp T_2;
    .thread T_2;
    .scope S_0x58316da2cad0;
T_3 ;
    %vpi_call 2 11 "$dumpfile", "sr_ff_tb.vcd" {0 0 0};
    %vpi_call 2 12 "$dumpvars", 32'sb00000000000000000000000000000000, S_0x58316da2cad0 {0 0 0};
    %pushi/vec4 0, 0, 1;
    %store/vec4 v0x58316da53ab0_0, 0, 1;
    %pushi/vec4 0, 0, 1;
    %store/vec4 v0x58316da539b0_0, 0, 1;
    %delay 100, 0;
    %pushi/vec4 0, 0, 1;
    %store/vec4 v0x58316da53ab0_0, 0, 1;
    %pushi/vec4 1, 0, 1;
    %store/vec4 v0x58316da539b0_0, 0, 1;
    %delay 100, 0;
    %pushi/vec4 1, 0, 1;
    %store/vec4 v0x58316da53ab0_0, 0, 1;
    %pushi/vec4 0, 0, 1;
    %store/vec4 v0x58316da539b0_0, 0, 1;
    %delay 100, 0;
    %pushi/vec4 1, 0, 1;
    %store/vec4 v0x58316da53ab0_0, 0, 1;
    %pushi/vec4 1, 0, 1;
    %store/vec4 v0x58316da539b0_0, 0, 1;
    %delay 100, 0;
    %vpi_call 2 18 "$finish" {0 0 0};
    %end;
    .thread T_3;
# The file index is used to find the file name in the following table.
:file_names 4;
    "N/A";
    "<interactive>";
    "sr_ff_tb.v";
    "sr_ff.v";
