#! /foss/tools/iverilog/bin/vvp
:ivl_version "13.0 (devel)" "(s20251012-94-g7786fb67-dirty)";
:ivl_delay_selection "TYPICAL";
:vpi_time_precision + 0;
:vpi_module "/foss/tools/iverilog/lib/ivl/system.vpi";
:vpi_module "/foss/tools/iverilog/lib/ivl/vhdl_sys.vpi";
:vpi_module "/foss/tools/iverilog/lib/ivl/vhdl_textio.vpi";
:vpi_module "/foss/tools/iverilog/lib/ivl/v2005_math.vpi";
:vpi_module "/foss/tools/iverilog/lib/ivl/va_math.vpi";
S_0x5e0d6db9dfb0 .scope module, "jk_ff_tb" "jk_ff_tb" 2 1;
 .timescale 0 0;
v0x5e0d6dbc6660_0 .var "clk", 0 0;
v0x5e0d6dbc6720_0 .var "j", 0 0;
v0x5e0d6dbc67f0_0 .var "k", 0 0;
v0x5e0d6dbc68f0_0 .net "q", 0 0, v0x5e0d6dbc64f0_0;  1 drivers
S_0x5e0d6dbb14f0 .scope module, "uut" "jk_ff" 2 6, 3 3 0, S_0x5e0d6db9dfb0;
 .timescale 0 0;
    .port_info 0 /INPUT 1 "j";
    .port_info 1 /INPUT 1 "k";
    .port_info 2 /INPUT 1 "clk";
    .port_info 3 /OUTPUT 1 "q";
v0x5e0d6dbb16f0_0 .net "clk", 0 0, v0x5e0d6dbc6660_0;  1 drivers
v0x5e0d6dbc6360_0 .net "j", 0 0, v0x5e0d6dbc6720_0;  1 drivers
v0x5e0d6dbc6420_0 .net "k", 0 0, v0x5e0d6dbc67f0_0;  1 drivers
v0x5e0d6dbc64f0_0 .var "q", 0 0;
E_0x5e0d6db78050 .event posedge, v0x5e0d6dbb16f0_0;
    .scope S_0x5e0d6dbb14f0;
T_0 ;
    %wait E_0x5e0d6db78050;
    %load/vec4 v0x5e0d6dbc6360_0;
    %load/vec4 v0x5e0d6dbc6420_0;
    %concat/vec4; draw_concat_vec4
    %dup/vec4;
    %pushi/vec4 0, 0, 2;
    %cmp/u;
    %jmp/1 T_0.0, 6;
    %dup/vec4;
    %pushi/vec4 1, 0, 2;
    %cmp/u;
    %jmp/1 T_0.1, 6;
    %dup/vec4;
    %pushi/vec4 2, 0, 2;
    %cmp/u;
    %jmp/1 T_0.2, 6;
    %dup/vec4;
    %pushi/vec4 3, 0, 2;
    %cmp/u;
    %jmp/1 T_0.3, 6;
    %jmp T_0.4;
T_0.0 ;
    %load/vec4 v0x5e0d6dbc64f0_0;
    %assign/vec4 v0x5e0d6dbc64f0_0, 0;
    %jmp T_0.4;
T_0.1 ;
    %pushi/vec4 0, 0, 1;
    %assign/vec4 v0x5e0d6dbc64f0_0, 0;
    %jmp T_0.4;
T_0.2 ;
    %pushi/vec4 1, 0, 1;
    %assign/vec4 v0x5e0d6dbc64f0_0, 0;
    %jmp T_0.4;
T_0.3 ;
    %load/vec4 v0x5e0d6dbc64f0_0;
    %inv;
    %assign/vec4 v0x5e0d6dbc64f0_0, 0;
    %jmp T_0.4;
T_0.4 ;
    %pop/vec4 1;
    %jmp T_0;
    .thread T_0;
    .scope S_0x5e0d6db9dfb0;
T_1 ;
    %pushi/vec4 0, 0, 1;
    %store/vec4 v0x5e0d6dbc6660_0, 0, 1;
T_1.0 ;
    %delay 5, 0;
    %load/vec4 v0x5e0d6dbc6660_0;
    %inv;
    %store/vec4 v0x5e0d6dbc6660_0, 0, 1;
    %jmp T_1.0;
T_1.1 ;
    %end;
    .thread T_1;
    .scope S_0x5e0d6db9dfb0;
T_2 ;
    %vpi_call 2 21 "$dumpfile", "jk_ff_tb.vcd" {0 0 0};
    %vpi_call 2 22 "$dumpvars", 32'sb00000000000000000000000000000000, S_0x5e0d6db9dfb0 {0 0 0};
    %vpi_call 2 25 "$monitor", "Time=%0t | j=%b k=%b clk=%b => q=%b", $time, v0x5e0d6dbc6720_0, v0x5e0d6dbc67f0_0, v0x5e0d6dbc6660_0, v0x5e0d6dbc68f0_0 {0 0 0};
    %pushi/vec4 0, 0, 1;
    %store/vec4 v0x5e0d6dbc6720_0, 0, 1;
    %pushi/vec4 0, 0, 1;
    %store/vec4 v0x5e0d6dbc67f0_0, 0, 1;
    %delay 10, 0;
    %pushi/vec4 0, 0, 1;
    %store/vec4 v0x5e0d6dbc6720_0, 0, 1;
    %pushi/vec4 0, 0, 1;
    %store/vec4 v0x5e0d6dbc67f0_0, 0, 1;
    %delay 10, 0;
    %pushi/vec4 0, 0, 1;
    %store/vec4 v0x5e0d6dbc6720_0, 0, 1;
    %pushi/vec4 1, 0, 1;
    %store/vec4 v0x5e0d6dbc67f0_0, 0, 1;
    %delay 10, 0;
    %pushi/vec4 1, 0, 1;
    %store/vec4 v0x5e0d6dbc6720_0, 0, 1;
    %pushi/vec4 0, 0, 1;
    %store/vec4 v0x5e0d6dbc67f0_0, 0, 1;
    %delay 10, 0;
    %pushi/vec4 1, 0, 1;
    %store/vec4 v0x5e0d6dbc6720_0, 0, 1;
    %pushi/vec4 1, 0, 1;
    %store/vec4 v0x5e0d6dbc67f0_0, 0, 1;
    %delay 10, 0;
    %delay 10, 0;
    %pushi/vec4 0, 0, 1;
    %store/vec4 v0x5e0d6dbc6720_0, 0, 1;
    %pushi/vec4 0, 0, 1;
    %store/vec4 v0x5e0d6dbc67f0_0, 0, 1;
    %delay 10, 0;
    %vpi_call 2 48 "$finish" {0 0 0};
    %end;
    .thread T_2;
# The file index is used to find the file name in the following table.
:file_names 4;
    "N/A";
    "<interactive>";
    "jk_ff_tb.v";
    "jk_ff.v";
