#! /foss/tools/iverilog/bin/vvp
:ivl_version "13.0 (devel)" "(s20251012-94-g7786fb67-dirty)";
:ivl_delay_selection "TYPICAL";
:vpi_time_precision - 12;
:vpi_module "/foss/tools/iverilog/lib/ivl/system.vpi";
:vpi_module "/foss/tools/iverilog/lib/ivl/vhdl_sys.vpi";
:vpi_module "/foss/tools/iverilog/lib/ivl/vhdl_textio.vpi";
:vpi_module "/foss/tools/iverilog/lib/ivl/v2005_math.vpi";
:vpi_module "/foss/tools/iverilog/lib/ivl/va_math.vpi";
S_0x5bbcfdfbb9e0 .scope module, "basic_gates_tb" "basic_gates_tb" 2 3;
 .timescale -9 -12;
v0x5bbcfdfd33f0_0 .var "A", 0 0;
v0x5bbcfdfd34b0_0 .var "B", 0 0;
v0x5bbcfdfd3580_0 .var "C", 0 0;
v0x5bbcfdfd3680_0 .net "P", 0 0, L_0x5bbcfdfd3b30;  1 drivers
v0x5bbcfdfd3750_0 .net "Q", 0 0, L_0x5bbcfdfd3cc0;  1 drivers
v0x5bbcfdfd37f0_0 .net "R", 0 0, L_0x5bbcfdfd3d80;  1 drivers
v0x5bbcfdfd38c0_0 .net "S", 0 0, L_0x5bbcfdfd3ff0;  1 drivers
v0x5bbcfdfd3990_0 .net "T", 0 0, L_0x5bbcfdfd4090;  1 drivers
v0x5bbcfdfd3a60_0 .net "U", 0 0, L_0x5bbcfdfd4100;  1 drivers
S_0x5bbcfdfbbb70 .scope module, "uut" "basic_gates" 2 6, 3 1 0, S_0x5bbcfdfbb9e0;
 .timescale 0 0;
    .port_info 0 /INPUT 1 "A";
    .port_info 1 /INPUT 1 "B";
    .port_info 2 /INPUT 1 "C";
    .port_info 3 /OUTPUT 1 "P";
    .port_info 4 /OUTPUT 1 "Q";
    .port_info 5 /OUTPUT 1 "R";
    .port_info 6 /OUTPUT 1 "S";
    .port_info 7 /OUTPUT 1 "T";
    .port_info 8 /OUTPUT 1 "U";
L_0x5bbcfdfd3b30 .functor AND 1, v0x5bbcfdfd33f0_0, v0x5bbcfdfd34b0_0, v0x5bbcfdfd3580_0, C4<1>;
L_0x5bbcfdfd3cc0 .functor NAND 1, v0x5bbcfdfd33f0_0, v0x5bbcfdfd34b0_0, v0x5bbcfdfd3580_0, C4<1>;
L_0x5bbcfdfd3d80 .functor OR 1, v0x5bbcfdfd33f0_0, v0x5bbcfdfd34b0_0, v0x5bbcfdfd3580_0, C4<0>;
L_0x5bbcfdfd3ff0 .functor NOR 1, v0x5bbcfdfd33f0_0, v0x5bbcfdfd34b0_0, v0x5bbcfdfd3580_0, C4<0>;
L_0x5bbcfdfd4090 .functor XOR 1, v0x5bbcfdfd33f0_0, v0x5bbcfdfd34b0_0, v0x5bbcfdfd3580_0, C4<0>;
L_0x5bbcfdfd4100 .functor XNOR 1, v0x5bbcfdfd33f0_0, v0x5bbcfdfd34b0_0, v0x5bbcfdfd3580_0, C4<0>;
v0x5bbcfdfbc0d0_0 .net "A", 0 0, v0x5bbcfdfd33f0_0;  1 drivers
v0x5bbcfdfbc250_0 .net "B", 0 0, v0x5bbcfdfd34b0_0;  1 drivers
v0x5bbcfdfd2d60_0 .net "C", 0 0, v0x5bbcfdfd3580_0;  1 drivers
v0x5bbcfdfd2e00_0 .net "P", 0 0, L_0x5bbcfdfd3b30;  alias, 1 drivers
v0x5bbcfdfd2ec0_0 .net "Q", 0 0, L_0x5bbcfdfd3cc0;  alias, 1 drivers
v0x5bbcfdfd2fd0_0 .net "R", 0 0, L_0x5bbcfdfd3d80;  alias, 1 drivers
v0x5bbcfdfd3090_0 .net "S", 0 0, L_0x5bbcfdfd3ff0;  alias, 1 drivers
v0x5bbcfdfd3150_0 .net "T", 0 0, L_0x5bbcfdfd4090;  alias, 1 drivers
v0x5bbcfdfd3210_0 .net "U", 0 0, L_0x5bbcfdfd4100;  alias, 1 drivers
    .scope S_0x5bbcfdfbb9e0;
T_0 ;
    %vpi_call 2 9 "$dumpfile", "basic_gates_tb.vcd" {0 0 0};
    %vpi_call 2 10 "$dumpvars", 32'sb00000000000000000000000000000000, S_0x5bbcfdfbb9e0 {0 0 0};
    %end;
    .thread T_0;
    .scope S_0x5bbcfdfbb9e0;
T_1 ;
    %pushi/vec4 0, 0, 1;
    %store/vec4 v0x5bbcfdfd33f0_0, 0, 1;
    %pushi/vec4 0, 0, 1;
    %store/vec4 v0x5bbcfdfd34b0_0, 0, 1;
    %pushi/vec4 0, 0, 1;
    %store/vec4 v0x5bbcfdfd3580_0, 0, 1;
    %delay 100000, 0;
    %pushi/vec4 0, 0, 1;
    %store/vec4 v0x5bbcfdfd33f0_0, 0, 1;
    %pushi/vec4 0, 0, 1;
    %store/vec4 v0x5bbcfdfd34b0_0, 0, 1;
    %pushi/vec4 1, 0, 1;
    %store/vec4 v0x5bbcfdfd3580_0, 0, 1;
    %delay 100000, 0;
    %pushi/vec4 0, 0, 1;
    %store/vec4 v0x5bbcfdfd33f0_0, 0, 1;
    %pushi/vec4 1, 0, 1;
    %store/vec4 v0x5bbcfdfd34b0_0, 0, 1;
    %pushi/vec4 0, 0, 1;
    %store/vec4 v0x5bbcfdfd3580_0, 0, 1;
    %delay 100000, 0;
    %pushi/vec4 0, 0, 1;
    %store/vec4 v0x5bbcfdfd33f0_0, 0, 1;
    %pushi/vec4 1, 0, 1;
    %store/vec4 v0x5bbcfdfd34b0_0, 0, 1;
    %pushi/vec4 1, 0, 1;
    %store/vec4 v0x5bbcfdfd3580_0, 0, 1;
    %delay 100000, 0;
    %pushi/vec4 1, 0, 1;
    %store/vec4 v0x5bbcfdfd33f0_0, 0, 1;
    %pushi/vec4 0, 0, 1;
    %store/vec4 v0x5bbcfdfd34b0_0, 0, 1;
    %pushi/vec4 0, 0, 1;
    %store/vec4 v0x5bbcfdfd3580_0, 0, 1;
    %delay 100000, 0;
    %pushi/vec4 1, 0, 1;
    %store/vec4 v0x5bbcfdfd33f0_0, 0, 1;
    %pushi/vec4 0, 0, 1;
    %store/vec4 v0x5bbcfdfd34b0_0, 0, 1;
    %pushi/vec4 1, 0, 1;
    %store/vec4 v0x5bbcfdfd3580_0, 0, 1;
    %delay 100000, 0;
    %pushi/vec4 1, 0, 1;
    %store/vec4 v0x5bbcfdfd33f0_0, 0, 1;
    %pushi/vec4 1, 0, 1;
    %store/vec4 v0x5bbcfdfd34b0_0, 0, 1;
    %pushi/vec4 0, 0, 1;
    %store/vec4 v0x5bbcfdfd3580_0, 0, 1;
    %delay 100000, 0;
    %pushi/vec4 1, 0, 1;
    %store/vec4 v0x5bbcfdfd33f0_0, 0, 1;
    %pushi/vec4 1, 0, 1;
    %store/vec4 v0x5bbcfdfd34b0_0, 0, 1;
    %pushi/vec4 1, 0, 1;
    %store/vec4 v0x5bbcfdfd3580_0, 0, 1;
    %delay 10000, 0;
    %vpi_call 2 22 "$finish" {0 0 0};
    %end;
    .thread T_1;
# The file index is used to find the file name in the following table.
:file_names 4;
    "N/A";
    "<interactive>";
    "basic_gates_tb.v";
    "basic_gates.v";
