#! /foss/tools/iverilog/bin/vvp
:ivl_version "13.0 (devel)" "(s20251012-94-g7786fb67-dirty)";
:ivl_delay_selection "TYPICAL";
:vpi_time_precision + 0;
:vpi_module "/foss/tools/iverilog/lib/ivl/system.vpi";
:vpi_module "/foss/tools/iverilog/lib/ivl/vhdl_sys.vpi";
:vpi_module "/foss/tools/iverilog/lib/ivl/vhdl_textio.vpi";
:vpi_module "/foss/tools/iverilog/lib/ivl/v2005_math.vpi";
:vpi_module "/foss/tools/iverilog/lib/ivl/va_math.vpi";
S_0x6488fe8090d0 .scope module, "up_counter_tb" "up_counter_tb" 2 22;
 .timescale 0 0;
v0x6488fe81ae40_0 .var "clk", 0 0;
v0x6488fe81af10_0 .net "count", 3 0, v0x6488fe81ac40_0;  1 drivers
v0x6488fe81afe0_0 .var "rst", 0 0;
S_0x6488fe809260 .scope module, "u1" "up_counter" 2 25, 3 22 0, S_0x6488fe8090d0;
 .timescale 0 0;
    .port_info 0 /OUTPUT 4 "count";
    .port_info 1 /INPUT 1 "clk";
    .port_info 2 /INPUT 1 "rst";
v0x6488fe8094d0_0 .net "clk", 0 0, v0x6488fe81ae40_0;  1 drivers
v0x6488fe81ac40_0 .var "count", 3 0;
v0x6488fe81ad20_0 .net "rst", 0 0, v0x6488fe81afe0_0;  1 drivers
E_0x6488fe7cfd70/0 .event negedge, v0x6488fe81ad20_0;
E_0x6488fe7cfd70/1 .event posedge, v0x6488fe8094d0_0;
E_0x6488fe7cfd70 .event/or E_0x6488fe7cfd70/0, E_0x6488fe7cfd70/1;
    .scope S_0x6488fe809260;
T_0 ;
    %wait E_0x6488fe7cfd70;
    %load/vec4 v0x6488fe81ad20_0;
    %nor/r;
    %flag_set/vec4 8;
    %jmp/0xz  T_0.0, 8;
    %load/vec4 v0x6488fe81ac40_0;
    %addi 1, 0, 4;
    %assign/vec4 v0x6488fe81ac40_0, 0;
    %jmp T_0.1;
T_0.0 ;
    %pushi/vec4 0, 0, 4;
    %assign/vec4 v0x6488fe81ac40_0, 0;
T_0.1 ;
    %jmp T_0;
    .thread T_0;
    .scope S_0x6488fe8090d0;
T_1 ;
    %pushi/vec4 1, 0, 1;
    %store/vec4 v0x6488fe81ae40_0, 0, 1;
    %end;
    .thread T_1;
    .scope S_0x6488fe8090d0;
T_2 ;
    %delay 5, 0;
    %load/vec4 v0x6488fe81ae40_0;
    %inv;
    %store/vec4 v0x6488fe81ae40_0, 0, 1;
    %jmp T_2;
    .thread T_2;
    .scope S_0x6488fe8090d0;
T_3 ;
    %vpi_call 2 29 "$dumpfile", "up_counter_tb.vcd" {0 0 0};
    %vpi_call 2 30 "$dumpvars", 32'sb00000000000000000000000000000000, S_0x6488fe8090d0 {0 0 0};
    %pushi/vec4 1, 0, 1;
    %store/vec4 v0x6488fe81afe0_0, 0, 1;
    %delay 100, 0;
    %pushi/vec4 0, 0, 1;
    %store/vec4 v0x6488fe81afe0_0, 0, 1;
    %delay 200, 0;
    %pushi/vec4 1, 0, 1;
    %store/vec4 v0x6488fe81afe0_0, 0, 1;
    %delay 100, 0;
    %pushi/vec4 0, 0, 1;
    %store/vec4 v0x6488fe81afe0_0, 0, 1;
    %delay 200, 0;
    %vpi_call 2 36 "$finish" {0 0 0};
    %end;
    .thread T_3;
# The file index is used to find the file name in the following table.
:file_names 4;
    "N/A";
    "<interactive>";
    "up_counter_tb.v";
    "up_counter.v";
