#! /foss/tools/iverilog/bin/vvp
:ivl_version "13.0 (devel)" "(s20251012-94-g7786fb67-dirty)";
:ivl_delay_selection "TYPICAL";
:vpi_time_precision + 0;
:vpi_module "/foss/tools/iverilog/lib/ivl/system.vpi";
:vpi_module "/foss/tools/iverilog/lib/ivl/vhdl_sys.vpi";
:vpi_module "/foss/tools/iverilog/lib/ivl/vhdl_textio.vpi";
:vpi_module "/foss/tools/iverilog/lib/ivl/v2005_math.vpi";
:vpi_module "/foss/tools/iverilog/lib/ivl/va_math.vpi";
S_0x59e866742e20 .scope module, "demux_1to4_tb" "demux_1to4_tb" 2 1;
 .timescale 0 0;
v0x59e866758720_0 .var "in", 0 0;
v0x59e8667587f0_0 .net "out", 3 0, v0x59e866758500_0;  1 drivers
v0x59e8667588c0_0 .var "sel", 1 0;
S_0x59e866742fb0 .scope module, "uut" "demux_1to4" 2 7, 3 2 0, S_0x59e866742e20;
 .timescale 0 0;
    .port_info 0 /INPUT 1 "in";
    .port_info 1 /INPUT 2 "sel";
    .port_info 2 /OUTPUT 4 "out";
v0x59e8667431d0_0 .net "in", 0 0, v0x59e866758720_0;  1 drivers
v0x59e866758500_0 .var "out", 3 0;
v0x59e8667585e0_0 .net "sel", 1 0, v0x59e8667588c0_0;  1 drivers
E_0x59e866741780 .event anyedge, v0x59e8667585e0_0, v0x59e8667431d0_0;
    .scope S_0x59e866742fb0;
T_0 ;
    %wait E_0x59e866741780;
    %pushi/vec4 0, 0, 4;
    %store/vec4 v0x59e866758500_0, 0, 4;
    %load/vec4 v0x59e8667585e0_0;
    %dup/vec4;
    %pushi/vec4 0, 0, 2;
    %cmp/u;
    %jmp/1 T_0.0, 6;
    %dup/vec4;
    %pushi/vec4 1, 0, 2;
    %cmp/u;
    %jmp/1 T_0.1, 6;
    %dup/vec4;
    %pushi/vec4 2, 0, 2;
    %cmp/u;
    %jmp/1 T_0.2, 6;
    %dup/vec4;
    %pushi/vec4 3, 0, 2;
    %cmp/u;
    %jmp/1 T_0.3, 6;
    %pushi/vec4 0, 0, 4;
    %store/vec4 v0x59e866758500_0, 0, 4;
    %jmp T_0.5;
T_0.0 ;
    %load/vec4 v0x59e8667431d0_0;
    %ix/load 4, 0, 0;
    %flag_set/imm 4, 0;
    %store/vec4 v0x59e866758500_0, 4, 1;
    %jmp T_0.5;
T_0.1 ;
    %load/vec4 v0x59e8667431d0_0;
    %ix/load 4, 1, 0;
    %flag_set/imm 4, 0;
    %store/vec4 v0x59e866758500_0, 4, 1;
    %jmp T_0.5;
T_0.2 ;
    %load/vec4 v0x59e8667431d0_0;
    %ix/load 4, 2, 0;
    %flag_set/imm 4, 0;
    %store/vec4 v0x59e866758500_0, 4, 1;
    %jmp T_0.5;
T_0.3 ;
    %load/vec4 v0x59e8667431d0_0;
    %ix/load 4, 3, 0;
    %flag_set/imm 4, 0;
    %store/vec4 v0x59e866758500_0, 4, 1;
    %jmp T_0.5;
T_0.5 ;
    %pop/vec4 1;
    %jmp T_0;
    .thread T_0, $push;
    .scope S_0x59e866742e20;
T_1 ;
    %vpi_call 2 14 "$dumpfile", "demux_1to4_tb.vcd" {0 0 0};
    %vpi_call 2 15 "$dumpvars", 32'sb00000000000000000000000000000000, S_0x59e866742e20 {0 0 0};
    %vpi_call 2 18 "$monitor", "Time=%0t | in=%b sel=%b => out=%b", $time, v0x59e866758720_0, v0x59e8667588c0_0, v0x59e8667587f0_0 {0 0 0};
    %pushi/vec4 1, 0, 1;
    %store/vec4 v0x59e866758720_0, 0, 1;
    %pushi/vec4 0, 0, 2;
    %store/vec4 v0x59e8667588c0_0, 0, 2;
    %delay 10, 0;
    %pushi/vec4 1, 0, 1;
    %store/vec4 v0x59e866758720_0, 0, 1;
    %pushi/vec4 1, 0, 2;
    %store/vec4 v0x59e8667588c0_0, 0, 2;
    %delay 10, 0;
    %pushi/vec4 1, 0, 1;
    %store/vec4 v0x59e866758720_0, 0, 1;
    %pushi/vec4 2, 0, 2;
    %store/vec4 v0x59e8667588c0_0, 0, 2;
    %delay 10, 0;
    %pushi/vec4 1, 0, 1;
    %store/vec4 v0x59e866758720_0, 0, 1;
    %pushi/vec4 3, 0, 2;
    %store/vec4 v0x59e8667588c0_0, 0, 2;
    %delay 10, 0;
    %pushi/vec4 0, 0, 1;
    %store/vec4 v0x59e866758720_0, 0, 1;
    %pushi/vec4 0, 0, 2;
    %store/vec4 v0x59e8667588c0_0, 0, 2;
    %delay 10, 0;
    %pushi/vec4 0, 0, 1;
    %store/vec4 v0x59e866758720_0, 0, 1;
    %pushi/vec4 1, 0, 2;
    %store/vec4 v0x59e8667588c0_0, 0, 2;
    %delay 10, 0;
    %pushi/vec4 0, 0, 1;
    %store/vec4 v0x59e866758720_0, 0, 1;
    %pushi/vec4 2, 0, 2;
    %store/vec4 v0x59e8667588c0_0, 0, 2;
    %delay 10, 0;
    %pushi/vec4 0, 0, 1;
    %store/vec4 v0x59e866758720_0, 0, 1;
    %pushi/vec4 3, 0, 2;
    %store/vec4 v0x59e8667588c0_0, 0, 2;
    %delay 10, 0;
    %vpi_call 2 45 "$finish" {0 0 0};
    %end;
    .thread T_1;
# The file index is used to find the file name in the following table.
:file_names 4;
    "N/A";
    "<interactive>";
    "demux_1to4_tb.v";
    "demux_1to4.v";
